

Started GET "/search/screen_name?utf8=%E2%9C%93&screen_name=ccunanan87" for ::1 at 2016-10-25 20:42:15 -0700
  [1m[36mActiveRecord::SchemaMigration Load (0.5ms)[0m  [1mSELECT "schema_migrations".* FROM "schema_migrations"[0m
Processing by SearchController#results as HTML
  Parameters: {"utf8"=>"✓", "screen_name"=>"ccunanan87"}
  [1m[35mUser Load (0.9ms)[0m  SELECT  "users".* FROM "users" WHERE "users"."id" = $1  ORDER BY "users"."id" ASC LIMIT 1  [["id", 1]]
  Rendered search/show.html.erb within layouts/application (18.2ms)
  Rendered shared/_header.html.erb (212.9ms)
Completed 200 OK in 524ms (Views: 246.5ms | ActiveRecord: 4.6ms)


Started GET "/assets/application.self-e80e8f2318043e8af94dddc2adad5a4f09739a8ebb323b3ab31cd71d45fd9113.css?body=1" for ::1 at 2016-10-25 20:42:15 -0700


Started GET "/assets/turbolinks.self-c5acd7a204f5f25ce7a1d8a0e4d92e28d34c9e2df2c7371cd7af88e147e4ad82.js?body=1" for ::1 at 2016-10-25 20:42:15 -0700


Started GET "/assets/jquery_ujs.self-784a997f6726036b1993eb2217c9cb558e1cbb801c6da88105588c56f13b466a.js?body=1" for ::1 at 2016-10-25 20:42:15 -0700


Started GET "/assets/application.self-3b8dabdc891efe46b9a144b400ad69e37d7e5876bdc39dee783419a69d7ca819.js?body=1" for ::1 at 2016-10-25 20:42:15 -0700


Started GET "/assets/jquery.self-bd7ddd393353a8d2480a622e80342adf488fb6006d667e8b42e4c0073393abee.js?body=1" for ::1 at 2016-10-25 20:42:15 -0700


Started GET "/search/screen_name?utf8=%E2%9C%93&screen_name=ccunanan87" for ::1 at 2016-10-25 20:42:29 -0700
Processing by SearchController#results as HTML
  Parameters: {"utf8"=>"✓", "screen_name"=>"ccunanan87"}
  [1m[36mUser Load (0.4ms)[0m  [1mSELECT  "users".* FROM "users" WHERE "users"."id" = $1  ORDER BY "users"."id" ASC LIMIT 1[0m  [["id", 1]]
  Rendered search/show.html.erb within layouts/application (1.2ms)
  Rendered shared/_header.html.erb (7.6ms)
Completed 200 OK in 172ms (Views: 13.2ms | ActiveRecord: 0.4ms)


Started GET "/search/screen_name?utf8=%E2%9C%93&screen_name=ccunanan87" for ::1 at 2016-10-25 20:42:59 -0700
Processing by SearchController#results as HTML
  Parameters: {"utf8"=>"✓", "screen_name"=>"ccunanan87"}
  [1m[35mUser Load (0.7ms)[0m  SELECT  "users".* FROM "users" WHERE "users"."id" = $1  ORDER BY "users"."id" ASC LIMIT 1  [["id", 1]]
  Rendered search/show.html.erb within layouts/application (1.8ms)
  Rendered shared/_header.html.erb (42.3ms)
Completed 200 OK in 194201ms (Views: 51.2ms | ActiveRecord: 3.5ms)


Started GET "/search/screen_name?utf8=%E2%9C%93&screen_name=playoverwatch" for ::1 at 2016-10-25 20:46:13 -0700
Processing by SearchController#results as HTML
  Parameters: {"utf8"=>"✓", "screen_name"=>"playoverwatch"}
  [1m[36mUser Load (0.4ms)[0m  [1mSELECT  "users".* FROM "users" WHERE "users"."id" = $1  ORDER BY "users"."id" ASC LIMIT 1[0m  [["id", 1]]
  Rendered search/show.html.erb within layouts/application (9.3ms)
  Rendered shared/_header.html.erb (10.0ms)
Completed 200 OK in 532ms (Views: 26.4ms | ActiveRecord: 3.0ms)


Started GET "/search/screen_name?utf8=%E2%9C%93&screen_name=ccunanan87" for ::1 at 2016-10-25 20:46:14 -0700
Processing by SearchController#results as HTML
  Parameters: {"utf8"=>"✓", "screen_name"=>"ccunanan87"}
  [1m[35mUser Load (0.4ms)[0m  SELECT  "users".* FROM "users" WHERE "users"."id" = $1  ORDER BY "users"."id" ASC LIMIT 1  [["id", 1]]
  Rendered search/show.html.erb within layouts/application (2.1ms)
  Rendered shared/_header.html.erb (28.5ms)
Completed 200 OK in 40ms (Views: 35.5ms | ActiveRecord: 0.4ms)


Started GET "/assets/application.self-e80e8f2318043e8af94dddc2adad5a4f09739a8ebb323b3ab31cd71d45fd9113.css?body=1" for ::1 at 2016-10-25 20:46:14 -0700


Started GET "/assets/turbolinks.self-c5acd7a204f5f25ce7a1d8a0e4d92e28d34c9e2df2c7371cd7af88e147e4ad82.js?body=1" for ::1 at 2016-10-25 20:46:14 -0700


Started GET "/assets/jquery_ujs.self-784a997f6726036b1993eb2217c9cb558e1cbb801c6da88105588c56f13b466a.js?body=1" for ::1 at 2016-10-25 20:46:14 -0700


Started GET "/assets/jquery.self-bd7ddd393353a8d2480a622e80342adf488fb6006d667e8b42e4c0073393abee.js?body=1" for ::1 at 2016-10-25 20:46:14 -0700


Started GET "/assets/application.self-3b8dabdc891efe46b9a144b400ad69e37d7e5876bdc39dee783419a69d7ca819.js?body=1" for ::1 at 2016-10-25 20:46:14 -0700


Started GET "/search/screen_name?utf8=%E2%9C%93&screen_name=ccunanan87" for ::1 at 2016-10-25 20:46:23 -0700
Processing by SearchController#results as HTML
  Parameters: {"utf8"=>"✓", "screen_name"=>"ccunanan87"}
  [1m[36mUser Load (0.7ms)[0m  [1mSELECT  "users".* FROM "users" WHERE "users"."id" = $1  ORDER BY "users"."id" ASC LIMIT 1[0m  [["id", 1]]
Twitter returned Not authorized.
  Rendered search/show.html.erb within layouts/application (1.9ms)
  Rendered shared/_header.html.erb (12.9ms)
Completed 200 OK in 418ms (Views: 20.3ms | ActiveRecord: 0.7ms)


Started GET "/search/screen_name?utf8=%E2%9C%93&screen_name=ccunanan87" for ::1 at 2016-10-25 20:47:19 -0700
Processing by SearchController#results as HTML
  Parameters: {"utf8"=>"✓", "screen_name"=>"ccunanan87"}
  [1m[35mUser Load (0.2ms)[0m  SELECT  "users".* FROM "users" WHERE "users"."id" = $1  ORDER BY "users"."id" ASC LIMIT 1  [["id", 1]]
Completed 500 Internal Server Error in 640ms (ActiveRecord: 2.2ms)

NameError (undefined local variable or method `code' for Twitter::Api:Class):
  lib/twitter/api.rb:44:in `timeline_for'
  app/controllers/search_controller.rb:5:in `block in results'
  app/controllers/search_controller.rb:4:in `results'


  Rendered /Users/dpaje/.rvm/gems/ruby-2.3.0/gems/actionpack-4.2.6/lib/action_dispatch/middleware/templates/rescues/_source.erb (6.0ms)
  Rendered /Users/dpaje/.rvm/gems/ruby-2.3.0/gems/actionpack-4.2.6/lib/action_dispatch/middleware/templates/rescues/_trace.html.erb (2.2ms)
  Rendered /Users/dpaje/.rvm/gems/ruby-2.3.0/gems/actionpack-4.2.6/lib/action_dispatch/middleware/templates/rescues/_request_and_response.html.erb (1.5ms)
  Rendered /Users/dpaje/.rvm/gems/ruby-2.3.0/gems/actionpack-4.2.6/lib/action_dispatch/middleware/templates/rescues/diagnostics.html.erb within rescues/layout (74.1ms)
  Rendered /Users/dpaje/.rvm/gems/ruby-2.3.0/gems/web-console-2.3.0/lib/web_console/templates/_markup.html.erb (0.4ms)
  Rendered /Users/dpaje/.rvm/gems/ruby-2.3.0/gems/web-console-2.3.0/lib/web_console/templates/_inner_console_markup.html.erb within layouts/inlined_string (0.4ms)
  Rendered /Users/dpaje/.rvm/gems/ruby-2.3.0/gems/web-console-2.3.0/lib/web_console/templates/_prompt_box_markup.html.erb within layouts/inlined_string (0.3ms)
  Rendered /Users/dpaje/.rvm/gems/ruby-2.3.0/gems/web-console-2.3.0/lib/web_console/templates/style.css.erb within layouts/inlined_string (0.4ms)
  Rendered /Users/dpaje/.rvm/gems/ruby-2.3.0/gems/web-console-2.3.0/lib/web_console/templates/console.js.erb within layouts/javascript (55.1ms)
  Rendered /Users/dpaje/.rvm/gems/ruby-2.3.0/gems/web-console-2.3.0/lib/web_console/templates/main.js.erb within layouts/javascript (0.3ms)
  Rendered /Users/dpaje/.rvm/gems/ruby-2.3.0/gems/web-console-2.3.0/lib/web_console/templates/error_page.js.erb within layouts/javascript (0.7ms)
  Rendered /Users/dpaje/.rvm/gems/ruby-2.3.0/gems/web-console-2.3.0/lib/web_console/templates/index.html.erb (113.1ms)


Started GET "/search/screen_name?utf8=%E2%9C%93&screen_name=ccunanan87" for ::1 at 2016-10-25 20:48:38 -0700
Processing by SearchController#results as HTML
  Parameters: {"utf8"=>"✓", "screen_name"=>"ccunanan87"}
  [1m[36mUser Load (0.2ms)[0m  [1mSELECT  "users".* FROM "users" WHERE "users"."id" = $1  ORDER BY "users"."id" ASC LIMIT 1[0m  [["id", 1]]
TWITTER_ERR: status 401, Not authorized.
  Rendered search/show.html.erb within layouts/application (4.7ms)
  Rendered shared/_header.html.erb (11.1ms)
Completed 200 OK in 546ms (Views: 29.2ms | ActiveRecord: 2.1ms)


Started GET "/assets/application.self-e80e8f2318043e8af94dddc2adad5a4f09739a8ebb323b3ab31cd71d45fd9113.css?body=1" for ::1 at 2016-10-25 20:48:39 -0700


Started GET "/assets/jquery.self-bd7ddd393353a8d2480a622e80342adf488fb6006d667e8b42e4c0073393abee.js?body=1" for ::1 at 2016-10-25 20:48:39 -0700


Started GET "/assets/jquery_ujs.self-784a997f6726036b1993eb2217c9cb558e1cbb801c6da88105588c56f13b466a.js?body=1" for ::1 at 2016-10-25 20:48:39 -0700


Started GET "/assets/turbolinks.self-c5acd7a204f5f25ce7a1d8a0e4d92e28d34c9e2df2c7371cd7af88e147e4ad82.js?body=1" for ::1 at 2016-10-25 20:48:39 -0700


Started GET "/assets/application.self-3b8dabdc891efe46b9a144b400ad69e37d7e5876bdc39dee783419a69d7ca819.js?body=1" for ::1 at 2016-10-25 20:48:39 -0700


Started GET "/search/screen_name?utf8=%E2%9C%93&screen_name=playoverwatch" for ::1 at 2016-10-25 20:48:59 -0700
Processing by SearchController#results as HTML
  Parameters: {"utf8"=>"✓", "screen_name"=>"playoverwatch"}
  [1m[35mUser Load (0.2ms)[0m  SELECT  "users".* FROM "users" WHERE "users"."id" = $1  ORDER BY "users"."id" ASC LIMIT 1  [["id", 1]]
  Rendered search/show.html.erb within layouts/application (8.2ms)
  Rendered shared/_header.html.erb (9.9ms)
Completed 200 OK in 567ms (Views: 27.2ms | ActiveRecord: 2.2ms)


Started GET "/search/screen_name?utf8=%E2%9C%93&screen_name=playoverwatch" for ::1 at 2016-10-25 20:49:43 -0700
Processing by SearchController#results as HTML
  Parameters: {"utf8"=>"✓", "screen_name"=>"playoverwatch"}
  [1m[36mUser Load (0.3ms)[0m  [1mSELECT  "users".* FROM "users" WHERE "users"."id" = $1  ORDER BY "users"."id" ASC LIMIT 1[0m  [["id", 1]]
  Rendered search/show.html.erb within layouts/application (6.8ms)
  Rendered shared/_header.html.erb (7.5ms)
Completed 200 OK in 218ms (Views: 26.1ms | ActiveRecord: 2.8ms)


Started GET "/search/screen_name?utf8=%E2%9C%93&screen_name=playoverwatch" for ::1 at 2016-10-25 20:49:45 -0700
Processing by SearchController#results as HTML
  Parameters: {"utf8"=>"✓", "screen_name"=>"playoverwatch"}
  [1m[35mUser Load (1.0ms)[0m  SELECT  "users".* FROM "users" WHERE "users"."id" = $1  ORDER BY "users"."id" ASC LIMIT 1  [["id", 1]]
  Rendered search/show.html.erb within layouts/application (7.1ms)
  Rendered shared/_header.html.erb (9.6ms)
Completed 200 OK in 27ms (Views: 21.2ms | ActiveRecord: 1.0ms)


Started GET "/search/screen_name?utf8=%E2%9C%93&screen_name=cameronleach" for ::1 at 2016-10-25 20:49:52 -0700
Processing by SearchController#results as HTML
  Parameters: {"utf8"=>"✓", "screen_name"=>"cameronleach"}
  [1m[36mUser Load (0.3ms)[0m  [1mSELECT  "users".* FROM "users" WHERE "users"."id" = $1  ORDER BY "users"."id" ASC LIMIT 1[0m  [["id", 1]]
  Rendered search/show.html.erb within layouts/application (2.0ms)
  Rendered shared/_header.html.erb (8.4ms)
Completed 200 OK in 289ms (Views: 16.3ms | ActiveRecord: 0.3ms)


Started GET "/search/screen_name?utf8=%E2%9C%93&screen_name=danielpaje" for ::1 at 2016-10-25 20:49:57 -0700
Processing by SearchController#results as HTML
  Parameters: {"utf8"=>"✓", "screen_name"=>"danielpaje"}
  [1m[35mUser Load (0.3ms)[0m  SELECT  "users".* FROM "users" WHERE "users"."id" = $1  ORDER BY "users"."id" ASC LIMIT 1  [["id", 1]]
  Rendered search/show.html.erb within layouts/application (2.5ms)
  Rendered shared/_header.html.erb (9.2ms)
Completed 200 OK in 345ms (Views: 16.2ms | ActiveRecord: 0.3ms)


Started GET "/search/screen_name?utf8=%E2%9C%93&screen_name=kimkardashian" for ::1 at 2016-10-25 20:50:05 -0700
Processing by SearchController#results as HTML
  Parameters: {"utf8"=>"✓", "screen_name"=>"kimkardashian"}
  [1m[36mUser Load (0.3ms)[0m  [1mSELECT  "users".* FROM "users" WHERE "users"."id" = $1  ORDER BY "users"."id" ASC LIMIT 1[0m  [["id", 1]]
  Rendered search/show.html.erb within layouts/application (7.0ms)
  Rendered shared/_header.html.erb (11.0ms)
Completed 200 OK in 563ms (Views: 24.4ms | ActiveRecord: 0.3ms)


Started GET "/search/screen_name?utf8=%E2%9C%93&screen_name=drizzy" for ::1 at 2016-10-25 20:50:20 -0700
Processing by SearchController#results as HTML
  Parameters: {"utf8"=>"✓", "screen_name"=>"drizzy"}
  [1m[35mUser Load (0.3ms)[0m  SELECT  "users".* FROM "users" WHERE "users"."id" = $1  ORDER BY "users"."id" ASC LIMIT 1  [["id", 1]]
TWITTER_ERR: status 401, Not authorized.
  Rendered search/show.html.erb within layouts/application (1.6ms)
  Rendered shared/_header.html.erb (7.6ms)
Completed 200 OK in 165ms (Views: 13.9ms | ActiveRecord: 0.3ms)


Started GET "/search/screen_name?utf8=%E2%9C%93&screen_name=grieverxiii" for ::1 at 2016-10-25 20:51:24 -0700
Processing by SearchController#results as HTML
  Parameters: {"utf8"=>"✓", "screen_name"=>"grieverxiii"}
  [1m[36mUser Load (0.2ms)[0m  [1mSELECT  "users".* FROM "users" WHERE "users"."id" = $1  ORDER BY "users"."id" ASC LIMIT 1[0m  [["id", 1]]
  Rendered search/show.html.erb within layouts/application (5.1ms)
  Rendered shared/_header.html.erb (16.7ms)
Completed 200 OK in 568ms (Views: 26.3ms | ActiveRecord: 0.2ms)


Started GET "/search/screen_name?utf8=%E2%9C%93&screen_name=grieverxiii" for ::1 at 2016-10-25 23:56:46 -0700
  [1m[35mActiveRecord::SchemaMigration Load (0.2ms)[0m  SELECT "schema_migrations".* FROM "schema_migrations"
Processing by SearchController#results as HTML
  Parameters: {"utf8"=>"✓", "screen_name"=>"grieverxiii"}
Completed 401 Unauthorized in 10ms (ActiveRecord: 0.0ms)


Started GET "/users/sign_in" for ::1 at 2016-10-25 23:56:46 -0700
Processing by Devise::SessionsController#new as HTML
  Rendered /Users/dpaje/.rvm/gems/ruby-2.3.0/gems/devise-4.2.0/app/views/devise/shared/_links.html.erb (1.1ms)
  Rendered /Users/dpaje/.rvm/gems/ruby-2.3.0/gems/devise-4.2.0/app/views/devise/sessions/new.html.erb within layouts/application (24.7ms)
  Rendered shared/_header.html.erb (21.0ms)
Completed 200 OK in 71ms (Views: 57.2ms | ActiveRecord: 3.5ms)


Started GET "/assets/application.self-e80e8f2318043e8af94dddc2adad5a4f09739a8ebb323b3ab31cd71d45fd9113.css?body=1" for ::1 at 2016-10-25 23:56:46 -0700


Started GET "/assets/jquery_ujs.self-784a997f6726036b1993eb2217c9cb558e1cbb801c6da88105588c56f13b466a.js?body=1" for ::1 at 2016-10-25 23:56:46 -0700


Started GET "/assets/jquery.self-bd7ddd393353a8d2480a622e80342adf488fb6006d667e8b42e4c0073393abee.js?body=1" for ::1 at 2016-10-25 23:56:46 -0700


Started GET "/assets/turbolinks.self-c5acd7a204f5f25ce7a1d8a0e4d92e28d34c9e2df2c7371cd7af88e147e4ad82.js?body=1" for ::1 at 2016-10-25 23:56:46 -0700


Started GET "/assets/application.self-3b8dabdc891efe46b9a144b400ad69e37d7e5876bdc39dee783419a69d7ca819.js?body=1" for ::1 at 2016-10-25 23:56:46 -0700


Started GET "/users/password/new" for ::1 at 2016-10-25 23:56:53 -0700
Processing by Devise::PasswordsController#new as HTML
  Rendered /Users/dpaje/.rvm/gems/ruby-2.3.0/gems/devise-4.2.0/app/views/devise/shared/_links.html.erb (0.4ms)
  Rendered /Users/dpaje/.rvm/gems/ruby-2.3.0/gems/devise-4.2.0/app/views/devise/passwords/new.html.erb within layouts/application (10.1ms)
  Rendered shared/_header.html.erb (10.4ms)
Completed 200 OK in 47ms (Views: 45.7ms | ActiveRecord: 0.0ms)


Started GET "/search/screen_name?utf8=%E2%9C%93&screen_name=grieverxiii" for ::1 at 2016-10-25 23:57:07 -0700
Processing by SearchController#results as HTML
  Parameters: {"utf8"=>"✓", "screen_name"=>"grieverxiii"}
Completed 401 Unauthorized in 6ms (ActiveRecord: 0.0ms)


Started GET "/users/sign_in" for ::1 at 2016-10-25 23:57:07 -0700
Processing by Devise::SessionsController#new as HTML
  Rendered /Users/dpaje/.rvm/gems/ruby-2.3.0/gems/devise-4.2.0/app/views/devise/shared/_links.html.erb (0.6ms)
  Rendered /Users/dpaje/.rvm/gems/ruby-2.3.0/gems/devise-4.2.0/app/views/devise/sessions/new.html.erb within layouts/application (4.6ms)
  Rendered shared/_header.html.erb (7.9ms)
Completed 200 OK in 32ms (Views: 21.7ms | ActiveRecord: 2.0ms)


Started GET "/" for ::1 at 2016-10-26 00:04:28 -0700
Processing by SearchController#results as HTML
  [1m[36mUser Load (0.2ms)[0m  [1mSELECT  "users".* FROM "users" WHERE "users"."id" = $1  ORDER BY "users"."id" ASC LIMIT 1[0m  [["id", 1]]
TWITTER_ERR: status 401, Not authorized.
Completed 500 Internal Server Error in 234ms (ActiveRecord: 2.4ms)

NoMethodError (undefined method `size' for nil:NilClass):
  app/controllers/search_controller.rb:4:in `results'


  Rendered /Users/dpaje/.rvm/gems/ruby-2.3.0/gems/actionpack-4.2.6/lib/action_dispatch/middleware/templates/rescues/_source.erb (3.8ms)
  Rendered /Users/dpaje/.rvm/gems/ruby-2.3.0/gems/actionpack-4.2.6/lib/action_dispatch/middleware/templates/rescues/_trace.html.erb (1.9ms)
  Rendered /Users/dpaje/.rvm/gems/ruby-2.3.0/gems/actionpack-4.2.6/lib/action_dispatch/middleware/templates/rescues/_request_and_response.html.erb (0.8ms)
  Rendered /Users/dpaje/.rvm/gems/ruby-2.3.0/gems/actionpack-4.2.6/lib/action_dispatch/middleware/templates/rescues/diagnostics.html.erb within rescues/layout (54.3ms)
  Rendered /Users/dpaje/.rvm/gems/ruby-2.3.0/gems/web-console-2.3.0/lib/web_console/templates/_markup.html.erb (0.4ms)
  Rendered /Users/dpaje/.rvm/gems/ruby-2.3.0/gems/web-console-2.3.0/lib/web_console/templates/_inner_console_markup.html.erb within layouts/inlined_string (0.5ms)
  Rendered /Users/dpaje/.rvm/gems/ruby-2.3.0/gems/web-console-2.3.0/lib/web_console/templates/_prompt_box_markup.html.erb within layouts/inlined_string (0.4ms)
  Rendered /Users/dpaje/.rvm/gems/ruby-2.3.0/gems/web-console-2.3.0/lib/web_console/templates/style.css.erb within layouts/inlined_string (0.4ms)
  Rendered /Users/dpaje/.rvm/gems/ruby-2.3.0/gems/web-console-2.3.0/lib/web_console/templates/console.js.erb within layouts/javascript (62.1ms)
  Rendered /Users/dpaje/.rvm/gems/ruby-2.3.0/gems/web-console-2.3.0/lib/web_console/templates/main.js.erb within layouts/javascript (0.3ms)
  Rendered /Users/dpaje/.rvm/gems/ruby-2.3.0/gems/web-console-2.3.0/lib/web_console/templates/error_page.js.erb within layouts/javascript (0.5ms)
  Rendered /Users/dpaje/.rvm/gems/ruby-2.3.0/gems/web-console-2.3.0/lib/web_console/templates/index.html.erb (127.7ms)


Started GET "/" for ::1 at 2016-10-26 00:06:24 -0700
Processing by SearchController#results as HTML
  [1m[35mUser Load (0.2ms)[0m  SELECT  "users".* FROM "users" WHERE "users"."id" = $1  ORDER BY "users"."id" ASC LIMIT 1  [["id", 1]]
Completed 500 Internal Server Error in 401346ms (ActiveRecord: 2.4ms)

SystemExit (exit):
  app/controllers/search_controller.rb:4:in `results'


  Rendered /Users/dpaje/.rvm/gems/ruby-2.3.0/gems/actionpack-4.2.6/lib/action_dispatch/middleware/templates/rescues/_source.erb (4.3ms)
  Rendered /Users/dpaje/.rvm/gems/ruby-2.3.0/gems/actionpack-4.2.6/lib/action_dispatch/middleware/templates/rescues/_trace.html.erb (1.9ms)
  Rendered /Users/dpaje/.rvm/gems/ruby-2.3.0/gems/actionpack-4.2.6/lib/action_dispatch/middleware/templates/rescues/_request_and_response.html.erb (0.7ms)
  Rendered /Users/dpaje/.rvm/gems/ruby-2.3.0/gems/actionpack-4.2.6/lib/action_dispatch/middleware/templates/rescues/diagnostics.html.erb within rescues/layout (45.7ms)
  Rendered /Users/dpaje/.rvm/gems/ruby-2.3.0/gems/web-console-2.3.0/lib/web_console/templates/_markup.html.erb (1.0ms)
  Rendered /Users/dpaje/.rvm/gems/ruby-2.3.0/gems/web-console-2.3.0/lib/web_console/templates/_inner_console_markup.html.erb within layouts/inlined_string (0.3ms)
  Rendered /Users/dpaje/.rvm/gems/ruby-2.3.0/gems/web-console-2.3.0/lib/web_console/templates/_prompt_box_markup.html.erb within layouts/inlined_string (0.2ms)
  Rendered /Users/dpaje/.rvm/gems/ruby-2.3.0/gems/web-console-2.3.0/lib/web_console/templates/style.css.erb within layouts/inlined_string (0.3ms)
  Rendered /Users/dpaje/.rvm/gems/ruby-2.3.0/gems/web-console-2.3.0/lib/web_console/templates/console.js.erb within layouts/javascript (39.3ms)
  Rendered /Users/dpaje/.rvm/gems/ruby-2.3.0/gems/web-console-2.3.0/lib/web_console/templates/main.js.erb within layouts/javascript (0.3ms)
  Rendered /Users/dpaje/.rvm/gems/ruby-2.3.0/gems/web-console-2.3.0/lib/web_console/templates/error_page.js.erb within layouts/javascript (0.4ms)
  Rendered /Users/dpaje/.rvm/gems/ruby-2.3.0/gems/web-console-2.3.0/lib/web_console/templates/index.html.erb (94.8ms)


Started GET "/" for ::1 at 2016-10-26 00:13:06 -0700
Processing by SearchController#home as HTML
  [1m[36mUser Load (0.2ms)[0m  [1mSELECT  "users".* FROM "users" WHERE "users"."id" = $1  ORDER BY "users"."id" ASC LIMIT 1[0m  [["id", 1]]
  Rendered search/show.html.erb within layouts/application (38.9ms)
Completed 500 Internal Server Error in 60ms (ActiveRecord: 2.4ms)

ActionView::Template::Error (undefined local variable or method `error' for #<#<Class:0x007fdc63102650>:0x007fdc630ae5f0>):
    20:         <% end %>
    21:     </table>
    22: <% else %>
    23:     <% if error %>
    24:         <h3><%= error %></h3>
    25:     <% else %>
    26:         <h1>No results to display</h1>
  app/views/search/show.html.erb:23:in `_app_views_search_show_html_erb__3923522937072638620_70292265593140'
  app/controllers/search_controller.rb:17:in `block (2 levels) in home'
  app/controllers/search_controller.rb:16:in `home'


  Rendered /Users/dpaje/.rvm/gems/ruby-2.3.0/gems/actionpack-4.2.6/lib/action_dispatch/middleware/templates/rescues/_source.erb (7.1ms)
  Rendered /Users/dpaje/.rvm/gems/ruby-2.3.0/gems/actionpack-4.2.6/lib/action_dispatch/middleware/templates/rescues/_trace.html.erb (2.9ms)
  Rendered /Users/dpaje/.rvm/gems/ruby-2.3.0/gems/actionpack-4.2.6/lib/action_dispatch/middleware/templates/rescues/_request_and_response.html.erb (1.0ms)
  Rendered /Users/dpaje/.rvm/gems/ruby-2.3.0/gems/actionpack-4.2.6/lib/action_dispatch/middleware/templates/rescues/template_error.html.erb within rescues/layout (55.6ms)
  Rendered /Users/dpaje/.rvm/gems/ruby-2.3.0/gems/web-console-2.3.0/lib/web_console/templates/_markup.html.erb (0.3ms)
  Rendered /Users/dpaje/.rvm/gems/ruby-2.3.0/gems/web-console-2.3.0/lib/web_console/templates/_inner_console_markup.html.erb within layouts/inlined_string (0.3ms)
  Rendered /Users/dpaje/.rvm/gems/ruby-2.3.0/gems/web-console-2.3.0/lib/web_console/templates/_prompt_box_markup.html.erb within layouts/inlined_string (0.3ms)
  Rendered /Users/dpaje/.rvm/gems/ruby-2.3.0/gems/web-console-2.3.0/lib/web_console/templates/style.css.erb within layouts/inlined_string (0.4ms)
  Rendered /Users/dpaje/.rvm/gems/ruby-2.3.0/gems/web-console-2.3.0/lib/web_console/templates/console.js.erb within layouts/javascript (40.8ms)
  Rendered /Users/dpaje/.rvm/gems/ruby-2.3.0/gems/web-console-2.3.0/lib/web_console/templates/main.js.erb within layouts/javascript (0.4ms)
  Rendered /Users/dpaje/.rvm/gems/ruby-2.3.0/gems/web-console-2.3.0/lib/web_console/templates/error_page.js.erb within layouts/javascript (0.4ms)
  Rendered /Users/dpaje/.rvm/gems/ruby-2.3.0/gems/web-console-2.3.0/lib/web_console/templates/index.html.erb (88.6ms)


Started GET "/" for ::1 at 2016-10-26 00:13:39 -0700
Processing by SearchController#home as HTML
  [1m[35mUser Load (0.2ms)[0m  SELECT  "users".* FROM "users" WHERE "users"."id" = $1  ORDER BY "users"."id" ASC LIMIT 1  [["id", 1]]
  Rendered search/show.html.erb within layouts/application (2.8ms)
  Rendered shared/_header.html.erb (8.5ms)
Completed 200 OK in 36ms (Views: 20.3ms | ActiveRecord: 2.3ms)


Started GET "/assets/application.self-e80e8f2318043e8af94dddc2adad5a4f09739a8ebb323b3ab31cd71d45fd9113.css?body=1" for ::1 at 2016-10-26 00:13:39 -0700


Started GET "/assets/jquery.self-bd7ddd393353a8d2480a622e80342adf488fb6006d667e8b42e4c0073393abee.js?body=1" for ::1 at 2016-10-26 00:13:39 -0700


Started GET "/assets/turbolinks.self-c5acd7a204f5f25ce7a1d8a0e4d92e28d34c9e2df2c7371cd7af88e147e4ad82.js?body=1" for ::1 at 2016-10-26 00:13:39 -0700


Started GET "/assets/application.self-3b8dabdc891efe46b9a144b400ad69e37d7e5876bdc39dee783419a69d7ca819.js?body=1" for ::1 at 2016-10-26 00:13:39 -0700


Started GET "/assets/jquery_ujs.self-784a997f6726036b1993eb2217c9cb558e1cbb801c6da88105588c56f13b466a.js?body=1" for ::1 at 2016-10-26 00:13:39 -0700


Started GET "/?utf8=%E2%9C%93&screen_name=hello" for ::1 at 2016-10-26 00:14:04 -0700
Processing by SearchController#home as HTML
  Parameters: {"utf8"=>"✓", "screen_name"=>"hello"}
  [1m[36mUser Load (0.2ms)[0m  [1mSELECT  "users".* FROM "users" WHERE "users"."id" = $1  ORDER BY "users"."id" ASC LIMIT 1[0m  [["id", 1]]
  Rendered search/show.html.erb within layouts/application (1.5ms)
  Rendered shared/_header.html.erb (10.1ms)
Completed 200 OK in 36ms (Views: 20.6ms | ActiveRecord: 2.2ms)


Started GET "/?utf8=%E2%9C%93&screen_name=hello" for ::1 at 2016-10-26 00:14:06 -0700
Processing by SearchController#home as HTML
  Parameters: {"utf8"=>"✓", "screen_name"=>"hello"}
  [1m[35mUser Load (0.3ms)[0m  SELECT  "users".* FROM "users" WHERE "users"."id" = $1  ORDER BY "users"."id" ASC LIMIT 1  [["id", 1]]
  Rendered search/show.html.erb within layouts/application (1.3ms)
  Rendered shared/_header.html.erb (10.7ms)
Completed 200 OK in 22ms (Views: 19.2ms | ActiveRecord: 0.3ms)


Started GET "/?utf8=%E2%9C%93&screen_name=helloworld" for ::1 at 2016-10-26 00:14:09 -0700
Processing by SearchController#home as HTML
  Parameters: {"utf8"=>"✓", "screen_name"=>"helloworld"}
  [1m[36mUser Load (0.2ms)[0m  [1mSELECT  "users".* FROM "users" WHERE "users"."id" = $1  ORDER BY "users"."id" ASC LIMIT 1[0m  [["id", 1]]
  Rendered search/show.html.erb within layouts/application (1.7ms)
  Rendered shared/_header.html.erb (11.9ms)
Completed 200 OK in 25ms (Views: 23.1ms | ActiveRecord: 0.2ms)


Started GET "/?utf8=%E2%9C%93&screen_name=playoverwatch" for ::1 at 2016-10-26 00:14:15 -0700
Processing by SearchController#home as HTML
  Parameters: {"utf8"=>"✓", "screen_name"=>"playoverwatch"}
  [1m[35mUser Load (0.3ms)[0m  SELECT  "users".* FROM "users" WHERE "users"."id" = $1  ORDER BY "users"."id" ASC LIMIT 1  [["id", 1]]
  Rendered search/show.html.erb within layouts/application (2.4ms)
  Rendered shared/_header.html.erb (12.1ms)
Completed 200 OK in 25ms (Views: 22.6ms | ActiveRecord: 0.3ms)


Started GET "/?utf8=%E2%9C%93&screen_name=playoverwatch" for ::1 at 2016-10-26 00:14:39 -0700
  [1m[36mActiveRecord::SchemaMigration Load (0.7ms)[0m  [1mSELECT "schema_migrations".* FROM "schema_migrations"[0m
Processing by SearchController#home as HTML
  Parameters: {"utf8"=>"✓", "screen_name"=>"playoverwatch"}
  [1m[35mUser Load (0.6ms)[0m  SELECT  "users".* FROM "users" WHERE "users"."id" = $1  ORDER BY "users"."id" ASC LIMIT 1  [["id", 1]]
  Rendered search/show.html.erb within layouts/application (25.2ms)
  Rendered shared/_header.html.erb (179.8ms)
Completed 200 OK in 265ms (Views: 222.2ms | ActiveRecord: 4.5ms)


Started GET "/?utf8=%E2%9C%93&screen_name=playoverwatch" for ::1 at 2016-10-26 00:14:40 -0700
Processing by SearchController#home as HTML
  Parameters: {"utf8"=>"✓", "screen_name"=>"playoverwatch"}
  [1m[36mUser Load (0.8ms)[0m  [1mSELECT  "users".* FROM "users" WHERE "users"."id" = $1  ORDER BY "users"."id" ASC LIMIT 1[0m  [["id", 1]]
  Rendered search/show.html.erb within layouts/application (3.1ms)
  Rendered shared/_header.html.erb (19.8ms)
Completed 200 OK in 36ms (Views: 32.3ms | ActiveRecord: 0.8ms)


Started GET "/?utf8=%E2%9C%93&screen_name=playoverwatch" for ::1 at 2016-10-26 00:15:43 -0700
Processing by SearchController#home as HTML
  Parameters: {"utf8"=>"✓", "screen_name"=>"playoverwatch"}
  [1m[35mUser Load (0.4ms)[0m  SELECT  "users".* FROM "users" WHERE "users"."id" = $1  ORDER BY "users"."id" ASC LIMIT 1  [["id", 1]]
  Rendered search/show.html.erb within layouts/application (1.7ms)
  Rendered shared/_header.html.erb (12.3ms)
Completed 200 OK in 39ms (Views: 23.3ms | ActiveRecord: 3.0ms)


Started GET "/?utf8=%E2%9C%93&screen_name=playoverwatch" for ::1 at 2016-10-26 00:15:43 -0700
Processing by SearchController#home as HTML
  Parameters: {"utf8"=>"✓", "screen_name"=>"playoverwatch"}
  [1m[36mUser Load (0.7ms)[0m  [1mSELECT  "users".* FROM "users" WHERE "users"."id" = $1  ORDER BY "users"."id" ASC LIMIT 1[0m  [["id", 1]]
  Rendered search/show.html.erb within layouts/application (5.7ms)
  Rendered shared/_header.html.erb (12.3ms)
Completed 200 OK in 29ms (Views: 26.3ms | ActiveRecord: 0.7ms)


Started GET "/?utf8=%E2%9C%93&screen_name=playoverwatch" for ::1 at 2016-10-26 00:15:44 -0700
Processing by SearchController#home as HTML
  Parameters: {"utf8"=>"✓", "screen_name"=>"playoverwatch"}
  [1m[35mUser Load (0.4ms)[0m  SELECT  "users".* FROM "users" WHERE "users"."id" = $1  ORDER BY "users"."id" ASC LIMIT 1  [["id", 1]]
  Rendered search/show.html.erb within layouts/application (1.3ms)
  Rendered shared/_header.html.erb (10.7ms)
Completed 200 OK in 20ms (Views: 17.6ms | ActiveRecord: 0.4ms)


Started GET "/?utf8=%E2%9C%93&screen_name=playoverwatch" for ::1 at 2016-10-26 00:15:45 -0700
Processing by SearchController#home as HTML
  Parameters: {"utf8"=>"✓", "screen_name"=>"playoverwatch"}
  [1m[36mUser Load (0.5ms)[0m  [1mSELECT  "users".* FROM "users" WHERE "users"."id" = $1  ORDER BY "users"."id" ASC LIMIT 1[0m  [["id", 1]]
  Rendered search/show.html.erb within layouts/application (1.5ms)
  Rendered shared/_header.html.erb (18.5ms)
Completed 200 OK in 28ms (Views: 24.7ms | ActiveRecord: 0.5ms)


Started GET "/search?utf8=%E2%9C%93&screen_name=playoverwatch" for ::1 at 2016-10-26 00:15:53 -0700

ActionController::RoutingError (No route matches [GET] "/search"):
  actionpack (4.2.6) lib/action_dispatch/middleware/debug_exceptions.rb:21:in `call'
  web-console (2.3.0) lib/web_console/middleware.rb:28:in `block in call'
  web-console (2.3.0) lib/web_console/middleware.rb:18:in `catch'
  web-console (2.3.0) lib/web_console/middleware.rb:18:in `call'
  actionpack (4.2.6) lib/action_dispatch/middleware/show_exceptions.rb:30:in `call'
  railties (4.2.6) lib/rails/rack/logger.rb:38:in `call_app'
  railties (4.2.6) lib/rails/rack/logger.rb:20:in `block in call'
  activesupport (4.2.6) lib/active_support/tagged_logging.rb:68:in `block in tagged'
  activesupport (4.2.6) lib/active_support/tagged_logging.rb:26:in `tagged'
  activesupport (4.2.6) lib/active_support/tagged_logging.rb:68:in `tagged'
  railties (4.2.6) lib/rails/rack/logger.rb:20:in `call'
  actionpack (4.2.6) lib/action_dispatch/middleware/request_id.rb:21:in `call'
  rack (1.6.4) lib/rack/methodoverride.rb:22:in `call'
  rack (1.6.4) lib/rack/runtime.rb:18:in `call'
  activesupport (4.2.6) lib/active_support/cache/strategy/local_cache_middleware.rb:28:in `call'
  rack (1.6.4) lib/rack/lock.rb:17:in `call'
  actionpack (4.2.6) lib/action_dispatch/middleware/static.rb:120:in `call'
  rack (1.6.4) lib/rack/sendfile.rb:113:in `call'
  railties (4.2.6) lib/rails/engine.rb:518:in `call'
  railties (4.2.6) lib/rails/application.rb:165:in `call'
  rack (1.6.4) lib/rack/lock.rb:17:in `call'
  rack (1.6.4) lib/rack/content_length.rb:15:in `call'
  rack (1.6.4) lib/rack/handler/webrick.rb:88:in `service'
  /Users/dpaje/.rvm/rubies/ruby-2.3.0/lib/ruby/2.3.0/webrick/httpserver.rb:140:in `service'
  /Users/dpaje/.rvm/rubies/ruby-2.3.0/lib/ruby/2.3.0/webrick/httpserver.rb:96:in `run'
  /Users/dpaje/.rvm/rubies/ruby-2.3.0/lib/ruby/2.3.0/webrick/server.rb:296:in `block in start_thread'


  Rendered /Users/dpaje/.rvm/gems/ruby-2.3.0/gems/actionpack-4.2.6/lib/action_dispatch/middleware/templates/rescues/_trace.html.erb (1.4ms)
  Rendered /Users/dpaje/.rvm/gems/ruby-2.3.0/gems/actionpack-4.2.6/lib/action_dispatch/middleware/templates/routes/_route.html.erb (1.6ms)
  Rendered /Users/dpaje/.rvm/gems/ruby-2.3.0/gems/actionpack-4.2.6/lib/action_dispatch/middleware/templates/routes/_table.html.erb (4.7ms)
  Rendered /Users/dpaje/.rvm/gems/ruby-2.3.0/gems/actionpack-4.2.6/lib/action_dispatch/middleware/templates/rescues/_request_and_response.html.erb (1.3ms)
  Rendered /Users/dpaje/.rvm/gems/ruby-2.3.0/gems/actionpack-4.2.6/lib/action_dispatch/middleware/templates/rescues/routing_error.html.erb within rescues/layout (73.5ms)
  Rendered /Users/dpaje/.rvm/gems/ruby-2.3.0/gems/web-console-2.3.0/lib/web_console/templates/_markup.html.erb (0.5ms)
  Rendered /Users/dpaje/.rvm/gems/ruby-2.3.0/gems/web-console-2.3.0/lib/web_console/templates/_inner_console_markup.html.erb within layouts/inlined_string (0.4ms)
  Rendered /Users/dpaje/.rvm/gems/ruby-2.3.0/gems/web-console-2.3.0/lib/web_console/templates/_prompt_box_markup.html.erb within layouts/inlined_string (0.3ms)
  Rendered /Users/dpaje/.rvm/gems/ruby-2.3.0/gems/web-console-2.3.0/lib/web_console/templates/style.css.erb within layouts/inlined_string (0.3ms)
  Rendered /Users/dpaje/.rvm/gems/ruby-2.3.0/gems/web-console-2.3.0/lib/web_console/templates/console.js.erb within layouts/javascript (43.6ms)
  Rendered /Users/dpaje/.rvm/gems/ruby-2.3.0/gems/web-console-2.3.0/lib/web_console/templates/main.js.erb within layouts/javascript (0.5ms)
  Rendered /Users/dpaje/.rvm/gems/ruby-2.3.0/gems/web-console-2.3.0/lib/web_console/templates/error_page.js.erb within layouts/javascript (0.5ms)
  Rendered /Users/dpaje/.rvm/gems/ruby-2.3.0/gems/web-console-2.3.0/lib/web_console/templates/index.html.erb (97.2ms)


Started GET "/search/screen_name.json?utf8=%E2%9C%93&screen_name=playoverwatch" for ::1 at 2016-10-26 00:16:08 -0700
Processing by SearchController#results as JSON
  Parameters: {"utf8"=>"✓", "screen_name"=>"playoverwatch"}
  [1m[35mUser Load (0.3ms)[0m  SELECT  "users".* FROM "users" WHERE "users"."id" = $1  ORDER BY "users"."id" ASC LIMIT 1  [["id", 1]]
Completed 200 OK in 5351ms (Views: 4.1ms | ActiveRecord: 0.3ms)


Started GET "/?utf8=%E2%9C%93&screen_name=playoverwatch" for ::1 at 2016-10-26 00:18:07 -0700
Processing by SearchController#home as HTML
  Parameters: {"utf8"=>"✓", "screen_name"=>"playoverwatch"}
  [1m[36mUser Load (0.3ms)[0m  [1mSELECT  "users".* FROM "users" WHERE "users"."id" = $1  ORDER BY "users"."id" ASC LIMIT 1[0m  [["id", 1]]
  Rendered search/show.html.erb within layouts/application (2.7ms)
  Rendered shared/_header.html.erb (25.4ms)
Completed 200 OK in 42ms (Views: 36.0ms | ActiveRecord: 0.3ms)


Started GET "/assets/application.self-e80e8f2318043e8af94dddc2adad5a4f09739a8ebb323b3ab31cd71d45fd9113.css?body=1" for ::1 at 2016-10-26 00:18:07 -0700


Started GET "/assets/jquery.self-bd7ddd393353a8d2480a622e80342adf488fb6006d667e8b42e4c0073393abee.js?body=1" for ::1 at 2016-10-26 00:18:07 -0700


Started GET "/assets/jquery_ujs.self-784a997f6726036b1993eb2217c9cb558e1cbb801c6da88105588c56f13b466a.js?body=1" for ::1 at 2016-10-26 00:18:07 -0700


Started GET "/assets/turbolinks.self-c5acd7a204f5f25ce7a1d8a0e4d92e28d34c9e2df2c7371cd7af88e147e4ad82.js?body=1" for ::1 at 2016-10-26 00:18:07 -0700


Started GET "/assets/application.self-3b8dabdc891efe46b9a144b400ad69e37d7e5876bdc39dee783419a69d7ca819.js?body=1" for ::1 at 2016-10-26 00:18:07 -0700


Started GET "/?utf8=%E2%9C%93&screen_name=playoverwatch" for ::1 at 2016-10-26 00:18:09 -0700
Processing by SearchController#home as HTML
  Parameters: {"utf8"=>"✓", "screen_name"=>"playoverwatch"}
  [1m[35mUser Load (0.3ms)[0m  SELECT  "users".* FROM "users" WHERE "users"."id" = $1  ORDER BY "users"."id" ASC LIMIT 1  [["id", 1]]
  Rendered search/show.html.erb within layouts/application (5.7ms)
  Rendered shared/_header.html.erb (27.7ms)
Completed 200 OK in 45ms (Views: 42.1ms | ActiveRecord: 0.3ms)


Started GET "/?utf8=%E2%9C%93&screen_name=playoverwatch" for ::1 at 2016-10-26 00:18:10 -0700
Processing by SearchController#home as HTML
  Parameters: {"utf8"=>"✓", "screen_name"=>"playoverwatch"}
  [1m[36mUser Load (0.3ms)[0m  [1mSELECT  "users".* FROM "users" WHERE "users"."id" = $1  ORDER BY "users"."id" ASC LIMIT 1[0m  [["id", 1]]
  Rendered search/show.html.erb within layouts/application (1.4ms)
  Rendered shared/_header.html.erb (11.7ms)
Completed 200 OK in 23ms (Views: 19.9ms | ActiveRecord: 0.3ms)


Started GET "/?utf8=%E2%9C%93&screen_name=playoverwatch" for ::1 at 2016-10-26 00:18:10 -0700
Processing by SearchController#home as HTML
  Parameters: {"utf8"=>"✓", "screen_name"=>"playoverwatch"}
  [1m[35mUser Load (0.2ms)[0m  SELECT  "users".* FROM "users" WHERE "users"."id" = $1  ORDER BY "users"."id" ASC LIMIT 1  [["id", 1]]
  Rendered search/show.html.erb within layouts/application (1.5ms)
  Rendered shared/_header.html.erb (16.7ms)
Completed 200 OK in 25ms (Views: 23.4ms | ActiveRecord: 0.2ms)


Started GET "/?utf8=%E2%9C%93&screen_name=playoverwatch" for ::1 at 2016-10-26 00:18:11 -0700
Processing by SearchController#home as HTML
  Parameters: {"utf8"=>"✓", "screen_name"=>"playoverwatch"}
  [1m[36mUser Load (0.3ms)[0m  [1mSELECT  "users".* FROM "users" WHERE "users"."id" = $1  ORDER BY "users"."id" ASC LIMIT 1[0m  [["id", 1]]
  Rendered search/show.html.erb within layouts/application (1.8ms)
  Rendered shared/_header.html.erb (14.5ms)
Completed 200 OK in 26ms (Views: 23.7ms | ActiveRecord: 0.3ms)


Started GET "/?utf8=%E2%9C%93&screen_name=playoverwatch" for ::1 at 2016-10-26 00:18:11 -0700
Processing by SearchController#home as HTML
  Parameters: {"utf8"=>"✓", "screen_name"=>"playoverwatch"}
  [1m[35mUser Load (0.3ms)[0m  SELECT  "users".* FROM "users" WHERE "users"."id" = $1  ORDER BY "users"."id" ASC LIMIT 1  [["id", 1]]
  Rendered search/show.html.erb within layouts/application (2.0ms)
  Rendered shared/_header.html.erb (9.2ms)
Completed 200 OK in 25ms (Views: 22.5ms | ActiveRecord: 0.3ms)


Started GET "/?utf8=%E2%9C%93&screen_name=playoverwatch" for ::1 at 2016-10-26 00:18:11 -0700
Processing by SearchController#home as HTML
  Parameters: {"utf8"=>"✓", "screen_name"=>"playoverwatch"}
  [1m[36mUser Load (0.8ms)[0m  [1mSELECT  "users".* FROM "users" WHERE "users"."id" = $1  ORDER BY "users"."id" ASC LIMIT 1[0m  [["id", 1]]
  Rendered search/show.html.erb within layouts/application (1.3ms)
  Rendered shared/_header.html.erb (8.7ms)
Completed 200 OK in 20ms (Views: 16.6ms | ActiveRecord: 0.8ms)


Started GET "/?utf8=%E2%9C%93&screen_name=playoverwatch" for ::1 at 2016-10-26 00:18:11 -0700
Processing by SearchController#home as HTML
  Parameters: {"utf8"=>"✓", "screen_name"=>"playoverwatch"}
  [1m[35mUser Load (0.3ms)[0m  SELECT  "users".* FROM "users" WHERE "users"."id" = $1  ORDER BY "users"."id" ASC LIMIT 1  [["id", 1]]
  Rendered search/show.html.erb within layouts/application (1.4ms)
  Rendered shared/_header.html.erb (9.7ms)
Completed 200 OK in 21ms (Views: 19.3ms | ActiveRecord: 0.3ms)


Started GET "/?utf8=%E2%9C%93&screen_name=playoverwatch" for ::1 at 2016-10-26 00:19:05 -0700
Processing by SearchController#home as HTML
  Parameters: {"utf8"=>"✓", "screen_name"=>"playoverwatch"}
  [1m[36mUser Load (0.2ms)[0m  [1mSELECT  "users".* FROM "users" WHERE "users"."id" = $1  ORDER BY "users"."id" ASC LIMIT 1[0m  [["id", 1]]
  Rendered search/show.html.erb within layouts/application (1.2ms)
  Rendered shared/_header.html.erb (11.4ms)
Completed 200 OK in 19ms (Views: 17.4ms | ActiveRecord: 0.2ms)


Started GET "/assets/application.self-e80e8f2318043e8af94dddc2adad5a4f09739a8ebb323b3ab31cd71d45fd9113.css?body=1" for ::1 at 2016-10-26 00:19:06 -0700


Started GET "/assets/jquery.self-bd7ddd393353a8d2480a622e80342adf488fb6006d667e8b42e4c0073393abee.js?body=1" for ::1 at 2016-10-26 00:19:06 -0700


Started GET "/assets/jquery_ujs.self-784a997f6726036b1993eb2217c9cb558e1cbb801c6da88105588c56f13b466a.js?body=1" for ::1 at 2016-10-26 00:19:06 -0700


Started GET "/assets/turbolinks.self-c5acd7a204f5f25ce7a1d8a0e4d92e28d34c9e2df2c7371cd7af88e147e4ad82.js?body=1" for ::1 at 2016-10-26 00:19:06 -0700


Started GET "/assets/application.self-3b8dabdc891efe46b9a144b400ad69e37d7e5876bdc39dee783419a69d7ca819.js?body=1" for ::1 at 2016-10-26 00:19:06 -0700


Started GET "/?utf8=%E2%9C%93&screen_name=playoverwatch" for ::1 at 2016-10-26 00:19:07 -0700
Processing by SearchController#home as HTML
  Parameters: {"utf8"=>"✓", "screen_name"=>"playoverwatch"}
  [1m[35mUser Load (0.2ms)[0m  SELECT  "users".* FROM "users" WHERE "users"."id" = $1  ORDER BY "users"."id" ASC LIMIT 1  [["id", 1]]
  Rendered search/show.html.erb within layouts/application (2.1ms)
  Rendered shared/_header.html.erb (10.9ms)
Completed 200 OK in 22ms (Views: 20.4ms | ActiveRecord: 0.2ms)


Started GET "/?utf8=%E2%9C%93&screen_name=playoverwatch" for ::1 at 2016-10-26 00:21:22 -0700
Processing by SearchController#home as HTML
  Parameters: {"utf8"=>"✓", "screen_name"=>"playoverwatch"}
  [1m[36mUser Load (0.3ms)[0m  [1mSELECT  "users".* FROM "users" WHERE "users"."id" = $1  ORDER BY "users"."id" ASC LIMIT 1[0m  [["id", 1]]
  Rendered search/show.html.erb within layouts/application (1.5ms)
  Rendered shared/_header.html.erb (21.2ms)
Completed 200 OK in 49ms (Views: 32.4ms | ActiveRecord: 2.5ms)


Started GET "/assets/jquery.self-bd7ddd393353a8d2480a622e80342adf488fb6006d667e8b42e4c0073393abee.js?body=1" for ::1 at 2016-10-26 00:21:22 -0700


Started GET "/assets/turbolinks.self-c5acd7a204f5f25ce7a1d8a0e4d92e28d34c9e2df2c7371cd7af88e147e4ad82.js?body=1" for ::1 at 2016-10-26 00:21:22 -0700


Started GET "/assets/jquery_ujs.self-784a997f6726036b1993eb2217c9cb558e1cbb801c6da88105588c56f13b466a.js?body=1" for ::1 at 2016-10-26 00:21:22 -0700


Started GET "/assets/application.self-3b8dabdc891efe46b9a144b400ad69e37d7e5876bdc39dee783419a69d7ca819.js?body=1" for ::1 at 2016-10-26 00:21:22 -0700


Started GET "/assets/application.self-e80e8f2318043e8af94dddc2adad5a4f09739a8ebb323b3ab31cd71d45fd9113.css?body=1" for ::1 at 2016-10-26 00:21:22 -0700


Started GET "/?utf8=%E2%9C%93&screen_name=playoverwatch" for ::1 at 2016-10-26 00:21:23 -0700
Processing by SearchController#home as HTML
  Parameters: {"utf8"=>"✓", "screen_name"=>"playoverwatch"}
  [1m[35mUser Load (0.4ms)[0m  SELECT  "users".* FROM "users" WHERE "users"."id" = $1  ORDER BY "users"."id" ASC LIMIT 1  [["id", 1]]
  Rendered search/show.html.erb within layouts/application (1.1ms)
  Rendered shared/_header.html.erb (8.1ms)
Completed 200 OK in 21ms (Views: 17.4ms | ActiveRecord: 0.4ms)


Started GET "/?utf8=%E2%9C%93&screen_name=playoverwatch" for ::1 at 2016-10-26 00:21:37 -0700
  [1m[36mActiveRecord::SchemaMigration Load (0.5ms)[0m  [1mSELECT "schema_migrations".* FROM "schema_migrations"[0m
Processing by SearchController#home as HTML
  Parameters: {"utf8"=>"✓", "screen_name"=>"playoverwatch"}
  [1m[35mUser Load (0.8ms)[0m  SELECT  "users".* FROM "users" WHERE "users"."id" = $1  ORDER BY "users"."id" ASC LIMIT 1  [["id", 1]]
  Rendered search/show.html.erb within layouts/application (9.9ms)
Completed 500 Internal Server Error in 67ms (ActiveRecord: 4.4ms)

ActionView::Template::Error (undefined method `label' for nil:NilClass):
    1: <%= form_tag search_screen_name_path, method: :post do |f| %>
    2:     <%= f.label "Enter a Twitter screen_name" %>
    3:     <%= text_field_tag :screen_name, params[:screen_name] %>
    4:     <%= submit_tag "Search", name: nil %>
    5: <% end %>
  app/views/search/show.html.erb:2:in `block in _app_views_search_show_html_erb__2581247465415742293_70202304159180'
  app/views/search/show.html.erb:1:in `_app_views_search_show_html_erb__2581247465415742293_70202304159180'
  app/controllers/search_controller.rb:17:in `block (2 levels) in home'
  app/controllers/search_controller.rb:16:in `home'


  Rendered /Users/dpaje/.rvm/gems/ruby-2.3.0/gems/actionpack-4.2.6/lib/action_dispatch/middleware/templates/rescues/_source.erb (5.2ms)
  Rendered /Users/dpaje/.rvm/gems/ruby-2.3.0/gems/actionpack-4.2.6/lib/action_dispatch/middleware/templates/rescues/_trace.html.erb (2.2ms)
  Rendered /Users/dpaje/.rvm/gems/ruby-2.3.0/gems/actionpack-4.2.6/lib/action_dispatch/middleware/templates/rescues/_request_and_response.html.erb (0.9ms)
  Rendered /Users/dpaje/.rvm/gems/ruby-2.3.0/gems/actionpack-4.2.6/lib/action_dispatch/middleware/templates/rescues/template_error.html.erb within rescues/layout (60.1ms)
  Rendered /Users/dpaje/.rvm/gems/ruby-2.3.0/gems/web-console-2.3.0/lib/web_console/templates/_markup.html.erb (0.4ms)
  Rendered /Users/dpaje/.rvm/gems/ruby-2.3.0/gems/web-console-2.3.0/lib/web_console/templates/_inner_console_markup.html.erb within layouts/inlined_string (0.3ms)
  Rendered /Users/dpaje/.rvm/gems/ruby-2.3.0/gems/web-console-2.3.0/lib/web_console/templates/_prompt_box_markup.html.erb within layouts/inlined_string (0.3ms)
  Rendered /Users/dpaje/.rvm/gems/ruby-2.3.0/gems/web-console-2.3.0/lib/web_console/templates/style.css.erb within layouts/inlined_string (0.4ms)
  Rendered /Users/dpaje/.rvm/gems/ruby-2.3.0/gems/web-console-2.3.0/lib/web_console/templates/console.js.erb within layouts/javascript (68.5ms)
  Rendered /Users/dpaje/.rvm/gems/ruby-2.3.0/gems/web-console-2.3.0/lib/web_console/templates/main.js.erb within layouts/javascript (0.3ms)
  Rendered /Users/dpaje/.rvm/gems/ruby-2.3.0/gems/web-console-2.3.0/lib/web_console/templates/error_page.js.erb within layouts/javascript (0.4ms)
  Rendered /Users/dpaje/.rvm/gems/ruby-2.3.0/gems/web-console-2.3.0/lib/web_console/templates/index.html.erb (132.6ms)


Started GET "/?utf8=%E2%9C%93&screen_name=playoverwatch" for ::1 at 2016-10-26 00:22:28 -0700
Processing by SearchController#home as HTML
  Parameters: {"utf8"=>"✓", "screen_name"=>"playoverwatch"}
  [1m[36mUser Load (0.4ms)[0m  [1mSELECT  "users".* FROM "users" WHERE "users"."id" = $1  ORDER BY "users"."id" ASC LIMIT 1[0m  [["id", 1]]
  Rendered search/show.html.erb within layouts/application (7.6ms)
Completed 500 Internal Server Error in 14ms (ActiveRecord: 0.4ms)

ActionView::Template::Error (undefined method `label' for nil:NilClass):
    1: <%= form_tag search_screen_name_path, method: :post do |f| %>
    2:     <%= f.label "Enter a Twitter screen_name" %>
    3:     <%= text_field_tag :screen_name, params[:screen_name] %>
    4:     <%= submit_tag "Search", name: nil %>
    5: <% end %>
  app/views/search/show.html.erb:2:in `block in _app_views_search_show_html_erb__2581247465415742293_70202293938280'
  app/views/search/show.html.erb:1:in `_app_views_search_show_html_erb__2581247465415742293_70202293938280'
  app/controllers/search_controller.rb:17:in `block (2 levels) in home'
  app/controllers/search_controller.rb:16:in `home'


  Rendered /Users/dpaje/.rvm/gems/ruby-2.3.0/gems/actionpack-4.2.6/lib/action_dispatch/middleware/templates/rescues/_source.erb (5.1ms)
  Rendered /Users/dpaje/.rvm/gems/ruby-2.3.0/gems/actionpack-4.2.6/lib/action_dispatch/middleware/templates/rescues/_trace.html.erb (3.4ms)
  Rendered /Users/dpaje/.rvm/gems/ruby-2.3.0/gems/actionpack-4.2.6/lib/action_dispatch/middleware/templates/rescues/_request_and_response.html.erb (0.9ms)
  Rendered /Users/dpaje/.rvm/gems/ruby-2.3.0/gems/actionpack-4.2.6/lib/action_dispatch/middleware/templates/rescues/template_error.html.erb within rescues/layout (50.3ms)
  Rendered /Users/dpaje/.rvm/gems/ruby-2.3.0/gems/web-console-2.3.0/lib/web_console/templates/_markup.html.erb (0.5ms)
  Rendered /Users/dpaje/.rvm/gems/ruby-2.3.0/gems/web-console-2.3.0/lib/web_console/templates/_inner_console_markup.html.erb within layouts/inlined_string (0.4ms)
  Rendered /Users/dpaje/.rvm/gems/ruby-2.3.0/gems/web-console-2.3.0/lib/web_console/templates/_prompt_box_markup.html.erb within layouts/inlined_string (0.3ms)
  Rendered /Users/dpaje/.rvm/gems/ruby-2.3.0/gems/web-console-2.3.0/lib/web_console/templates/style.css.erb within layouts/inlined_string (0.4ms)
  Rendered /Users/dpaje/.rvm/gems/ruby-2.3.0/gems/web-console-2.3.0/lib/web_console/templates/console.js.erb within layouts/javascript (40.1ms)
  Rendered /Users/dpaje/.rvm/gems/ruby-2.3.0/gems/web-console-2.3.0/lib/web_console/templates/main.js.erb within layouts/javascript (0.3ms)
  Rendered /Users/dpaje/.rvm/gems/ruby-2.3.0/gems/web-console-2.3.0/lib/web_console/templates/error_page.js.erb within layouts/javascript (0.4ms)
  Rendered /Users/dpaje/.rvm/gems/ruby-2.3.0/gems/web-console-2.3.0/lib/web_console/templates/index.html.erb (91.3ms)


Started GET "/" for ::1 at 2016-10-26 00:24:54 -0700
  [1m[36mActiveRecord::SchemaMigration Load (0.6ms)[0m  [1mSELECT "schema_migrations".* FROM "schema_migrations"[0m
Processing by SearchController#home as HTML
  [1m[35mUser Load (0.8ms)[0m  SELECT  "users".* FROM "users" WHERE "users"."id" = $1  ORDER BY "users"."id" ASC LIMIT 1  [["id", 1]]
  Rendered search/show.html.erb within layouts/application (8.3ms)
Completed 500 Internal Server Error in 69ms (ActiveRecord: 5.0ms)

ActionView::Template::Error (undefined method `label' for nil:NilClass):
    1: <%= form_tag search_screen_name_path, method: :get do |f| %>
    2:     <%= f.label "Enter a Twitter screen_name" %>
    3:     <%= text_field_tag :screen_name, params[:screen_name] %>
    4:     <%= submit_tag "Search", name: nil %>
    5: <% end %>
  app/views/search/show.html.erb:2:in `block in _app_views_search_show_html_erb___1098724203321630743_70205423603840'
  app/views/search/show.html.erb:1:in `_app_views_search_show_html_erb___1098724203321630743_70205423603840'
  app/controllers/search_controller.rb:17:in `block (2 levels) in home'
  app/controllers/search_controller.rb:16:in `home'


  Rendered /Users/dpaje/.rvm/gems/ruby-2.3.0/gems/actionpack-4.2.6/lib/action_dispatch/middleware/templates/rescues/_source.erb (5.1ms)
  Rendered /Users/dpaje/.rvm/gems/ruby-2.3.0/gems/actionpack-4.2.6/lib/action_dispatch/middleware/templates/rescues/_trace.html.erb (2.1ms)
  Rendered /Users/dpaje/.rvm/gems/ruby-2.3.0/gems/actionpack-4.2.6/lib/action_dispatch/middleware/templates/rescues/_request_and_response.html.erb (0.8ms)
  Rendered /Users/dpaje/.rvm/gems/ruby-2.3.0/gems/actionpack-4.2.6/lib/action_dispatch/middleware/templates/rescues/template_error.html.erb within rescues/layout (48.3ms)
  Rendered /Users/dpaje/.rvm/gems/ruby-2.3.0/gems/web-console-2.3.0/lib/web_console/templates/_markup.html.erb (0.4ms)
  Rendered /Users/dpaje/.rvm/gems/ruby-2.3.0/gems/web-console-2.3.0/lib/web_console/templates/_inner_console_markup.html.erb within layouts/inlined_string (0.3ms)
  Rendered /Users/dpaje/.rvm/gems/ruby-2.3.0/gems/web-console-2.3.0/lib/web_console/templates/_prompt_box_markup.html.erb within layouts/inlined_string (0.3ms)
  Rendered /Users/dpaje/.rvm/gems/ruby-2.3.0/gems/web-console-2.3.0/lib/web_console/templates/style.css.erb within layouts/inlined_string (0.3ms)
  Rendered /Users/dpaje/.rvm/gems/ruby-2.3.0/gems/web-console-2.3.0/lib/web_console/templates/console.js.erb within layouts/javascript (54.7ms)
  Rendered /Users/dpaje/.rvm/gems/ruby-2.3.0/gems/web-console-2.3.0/lib/web_console/templates/main.js.erb within layouts/javascript (0.3ms)
  Rendered /Users/dpaje/.rvm/gems/ruby-2.3.0/gems/web-console-2.3.0/lib/web_console/templates/error_page.js.erb within layouts/javascript (0.4ms)
  Rendered /Users/dpaje/.rvm/gems/ruby-2.3.0/gems/web-console-2.3.0/lib/web_console/templates/index.html.erb (110.2ms)


Started GET "/" for ::1 at 2016-10-26 00:24:56 -0700
Processing by SearchController#home as HTML
  [1m[36mUser Load (0.4ms)[0m  [1mSELECT  "users".* FROM "users" WHERE "users"."id" = $1  ORDER BY "users"."id" ASC LIMIT 1[0m  [["id", 1]]
  Rendered search/show.html.erb within layouts/application (4.9ms)
Completed 500 Internal Server Error in 11ms (ActiveRecord: 0.4ms)

ActionView::Template::Error (undefined method `label' for nil:NilClass):
    1: <%= form_tag search_screen_name_path, method: :get do |f| %>
    2:     <%= f.label "Enter a Twitter screen_name" %>
    3:     <%= text_field_tag :screen_name, params[:screen_name] %>
    4:     <%= submit_tag "Search", name: nil %>
    5: <% end %>
  app/views/search/show.html.erb:2:in `block in _app_views_search_show_html_erb___1098724203321630743_70205423603840'
  app/views/search/show.html.erb:1:in `_app_views_search_show_html_erb___1098724203321630743_70205423603840'
  app/controllers/search_controller.rb:17:in `block (2 levels) in home'
  app/controllers/search_controller.rb:16:in `home'


  Rendered /Users/dpaje/.rvm/gems/ruby-2.3.0/gems/actionpack-4.2.6/lib/action_dispatch/middleware/templates/rescues/_source.erb (6.6ms)
  Rendered /Users/dpaje/.rvm/gems/ruby-2.3.0/gems/actionpack-4.2.6/lib/action_dispatch/middleware/templates/rescues/_trace.html.erb (2.6ms)
  Rendered /Users/dpaje/.rvm/gems/ruby-2.3.0/gems/actionpack-4.2.6/lib/action_dispatch/middleware/templates/rescues/_request_and_response.html.erb (0.8ms)
  Rendered /Users/dpaje/.rvm/gems/ruby-2.3.0/gems/actionpack-4.2.6/lib/action_dispatch/middleware/templates/rescues/template_error.html.erb within rescues/layout (54.9ms)
  Rendered /Users/dpaje/.rvm/gems/ruby-2.3.0/gems/web-console-2.3.0/lib/web_console/templates/_markup.html.erb (0.4ms)
  Rendered /Users/dpaje/.rvm/gems/ruby-2.3.0/gems/web-console-2.3.0/lib/web_console/templates/_inner_console_markup.html.erb within layouts/inlined_string (0.3ms)
  Rendered /Users/dpaje/.rvm/gems/ruby-2.3.0/gems/web-console-2.3.0/lib/web_console/templates/_prompt_box_markup.html.erb within layouts/inlined_string (0.3ms)
  Rendered /Users/dpaje/.rvm/gems/ruby-2.3.0/gems/web-console-2.3.0/lib/web_console/templates/style.css.erb within layouts/inlined_string (0.3ms)
  Rendered /Users/dpaje/.rvm/gems/ruby-2.3.0/gems/web-console-2.3.0/lib/web_console/templates/console.js.erb within layouts/javascript (39.9ms)
  Rendered /Users/dpaje/.rvm/gems/ruby-2.3.0/gems/web-console-2.3.0/lib/web_console/templates/main.js.erb within layouts/javascript (0.4ms)
  Rendered /Users/dpaje/.rvm/gems/ruby-2.3.0/gems/web-console-2.3.0/lib/web_console/templates/error_page.js.erb within layouts/javascript (0.4ms)
  Rendered /Users/dpaje/.rvm/gems/ruby-2.3.0/gems/web-console-2.3.0/lib/web_console/templates/index.html.erb (92.0ms)


Started GET "/" for ::1 at 2016-10-26 00:24:59 -0700
Processing by SearchController#home as HTML
  [1m[35mUser Load (0.4ms)[0m  SELECT  "users".* FROM "users" WHERE "users"."id" = $1  ORDER BY "users"."id" ASC LIMIT 1  [["id", 1]]
  Rendered search/show.html.erb within layouts/application (5.0ms)
Completed 500 Internal Server Error in 11ms (ActiveRecord: 0.4ms)

ActionView::Template::Error (undefined method `label' for nil:NilClass):
    1: <%= form_tag search_screen_name_path, method: :get do |f| %>
    2:     <%= f.label "Enter a Twitter screen_name" %>
    3:     <%= text_field_tag :screen_name, params[:screen_name] %>
    4:     <%= submit_tag "Search", name: nil %>
    5: <% end %>
  app/views/search/show.html.erb:2:in `block in _app_views_search_show_html_erb___1098724203321630743_70205423603840'
  app/views/search/show.html.erb:1:in `_app_views_search_show_html_erb___1098724203321630743_70205423603840'
  app/controllers/search_controller.rb:17:in `block (2 levels) in home'
  app/controllers/search_controller.rb:16:in `home'


  Rendered /Users/dpaje/.rvm/gems/ruby-2.3.0/gems/actionpack-4.2.6/lib/action_dispatch/middleware/templates/rescues/_source.erb (5.9ms)
  Rendered /Users/dpaje/.rvm/gems/ruby-2.3.0/gems/actionpack-4.2.6/lib/action_dispatch/middleware/templates/rescues/_trace.html.erb (7.2ms)
  Rendered /Users/dpaje/.rvm/gems/ruby-2.3.0/gems/actionpack-4.2.6/lib/action_dispatch/middleware/templates/rescues/_request_and_response.html.erb (0.8ms)
  Rendered /Users/dpaje/.rvm/gems/ruby-2.3.0/gems/actionpack-4.2.6/lib/action_dispatch/middleware/templates/rescues/template_error.html.erb within rescues/layout (54.6ms)
  Rendered /Users/dpaje/.rvm/gems/ruby-2.3.0/gems/web-console-2.3.0/lib/web_console/templates/_markup.html.erb (0.4ms)
  Rendered /Users/dpaje/.rvm/gems/ruby-2.3.0/gems/web-console-2.3.0/lib/web_console/templates/_inner_console_markup.html.erb within layouts/inlined_string (0.3ms)
  Rendered /Users/dpaje/.rvm/gems/ruby-2.3.0/gems/web-console-2.3.0/lib/web_console/templates/_prompt_box_markup.html.erb within layouts/inlined_string (0.3ms)
  Rendered /Users/dpaje/.rvm/gems/ruby-2.3.0/gems/web-console-2.3.0/lib/web_console/templates/style.css.erb within layouts/inlined_string (0.6ms)
  Rendered /Users/dpaje/.rvm/gems/ruby-2.3.0/gems/web-console-2.3.0/lib/web_console/templates/console.js.erb within layouts/javascript (45.0ms)
  Rendered /Users/dpaje/.rvm/gems/ruby-2.3.0/gems/web-console-2.3.0/lib/web_console/templates/main.js.erb within layouts/javascript (0.3ms)
  Rendered /Users/dpaje/.rvm/gems/ruby-2.3.0/gems/web-console-2.3.0/lib/web_console/templates/error_page.js.erb within layouts/javascript (0.4ms)
  Rendered /Users/dpaje/.rvm/gems/ruby-2.3.0/gems/web-console-2.3.0/lib/web_console/templates/index.html.erb (95.3ms)


Started GET "/" for ::1 at 2016-10-26 00:25:27 -0700
Processing by SearchController#home as HTML
  [1m[36mUser Load (0.4ms)[0m  [1mSELECT  "users".* FROM "users" WHERE "users"."id" = $1  ORDER BY "users"."id" ASC LIMIT 1[0m  [["id", 1]]
  Rendered search/show.html.erb within layouts/application (15.9ms)
  Rendered shared/_header.html.erb (201.6ms)
Completed 200 OK in 227ms (Views: 224.8ms | ActiveRecord: 0.4ms)


Started GET "/assets/jquery.self-bd7ddd393353a8d2480a622e80342adf488fb6006d667e8b42e4c0073393abee.js?body=1" for ::1 at 2016-10-26 00:25:27 -0700


Started GET "/assets/turbolinks.self-c5acd7a204f5f25ce7a1d8a0e4d92e28d34c9e2df2c7371cd7af88e147e4ad82.js?body=1" for ::1 at 2016-10-26 00:25:27 -0700


Started GET "/assets/application.self-3b8dabdc891efe46b9a144b400ad69e37d7e5876bdc39dee783419a69d7ca819.js?body=1" for ::1 at 2016-10-26 00:25:27 -0700


Started GET "/assets/jquery_ujs.self-784a997f6726036b1993eb2217c9cb558e1cbb801c6da88105588c56f13b466a.js?body=1" for ::1 at 2016-10-26 00:25:27 -0700


Started GET "/assets/application.self-e80e8f2318043e8af94dddc2adad5a4f09739a8ebb323b3ab31cd71d45fd9113.css?body=1" for ::1 at 2016-10-26 00:25:27 -0700


Started GET "/?utf8=%E2%9C%93&screen_name=playoverwatch" for ::1 at 2016-10-26 00:25:33 -0700
Processing by SearchController#home as HTML
  Parameters: {"utf8"=>"✓", "screen_name"=>"playoverwatch"}
  [1m[35mUser Load (0.4ms)[0m  SELECT  "users".* FROM "users" WHERE "users"."id" = $1  ORDER BY "users"."id" ASC LIMIT 1  [["id", 1]]
  Rendered search/show.html.erb within layouts/application (2.3ms)
  Rendered shared/_header.html.erb (7.0ms)
Completed 200 OK in 17ms (Views: 14.7ms | ActiveRecord: 0.4ms)


Started GET "/?utf8=%E2%9C%93&screen_name=playoverwatch" for ::1 at 2016-10-26 00:26:35 -0700
Processing by SearchController#home as HTML
  Parameters: {"utf8"=>"✓", "screen_name"=>"playoverwatch"}
  [1m[36mUser Load (0.5ms)[0m  [1mSELECT  "users".* FROM "users" WHERE "users"."id" = $1  ORDER BY "users"."id" ASC LIMIT 1[0m  [["id", 1]]
  Rendered search/show.html.erb within layouts/application (4.9ms)
Completed 500 Internal Server Error in 16ms (ActiveRecord: 0.5ms)

ActionView::Template::Error (undefined method `model_name' for {:url=>"/search/screen_name", :method=>:get}:Hash):
    1: <%= form_for url: search_screen_name_path, method: :get do |f| %>
    2:     <%= f.label "Enter a Twitter screen_name" %>
    3:     <%= text_field_tag :screen_name, params[:screen_name] %>
    4:     <%= submit_tag "Search", name: nil %>
  app/views/search/show.html.erb:1:in `_app_views_search_show_html_erb___1098724203321630743_70205452678840'
  app/controllers/search_controller.rb:17:in `block (2 levels) in home'
  app/controllers/search_controller.rb:16:in `home'


  Rendered /Users/dpaje/.rvm/gems/ruby-2.3.0/gems/actionpack-4.2.6/lib/action_dispatch/middleware/templates/rescues/_source.erb (5.0ms)
  Rendered /Users/dpaje/.rvm/gems/ruby-2.3.0/gems/actionpack-4.2.6/lib/action_dispatch/middleware/templates/rescues/_trace.html.erb (2.1ms)
  Rendered /Users/dpaje/.rvm/gems/ruby-2.3.0/gems/actionpack-4.2.6/lib/action_dispatch/middleware/templates/rescues/_request_and_response.html.erb (0.9ms)
  Rendered /Users/dpaje/.rvm/gems/ruby-2.3.0/gems/actionpack-4.2.6/lib/action_dispatch/middleware/templates/rescues/template_error.html.erb within rescues/layout (48.7ms)
  Rendered /Users/dpaje/.rvm/gems/ruby-2.3.0/gems/web-console-2.3.0/lib/web_console/templates/_markup.html.erb (0.3ms)
  Rendered /Users/dpaje/.rvm/gems/ruby-2.3.0/gems/web-console-2.3.0/lib/web_console/templates/_inner_console_markup.html.erb within layouts/inlined_string (0.3ms)
  Rendered /Users/dpaje/.rvm/gems/ruby-2.3.0/gems/web-console-2.3.0/lib/web_console/templates/_prompt_box_markup.html.erb within layouts/inlined_string (0.3ms)
  Rendered /Users/dpaje/.rvm/gems/ruby-2.3.0/gems/web-console-2.3.0/lib/web_console/templates/style.css.erb within layouts/inlined_string (0.5ms)
  Rendered /Users/dpaje/.rvm/gems/ruby-2.3.0/gems/web-console-2.3.0/lib/web_console/templates/console.js.erb within layouts/javascript (41.0ms)
  Rendered /Users/dpaje/.rvm/gems/ruby-2.3.0/gems/web-console-2.3.0/lib/web_console/templates/main.js.erb within layouts/javascript (0.3ms)
  Rendered /Users/dpaje/.rvm/gems/ruby-2.3.0/gems/web-console-2.3.0/lib/web_console/templates/error_page.js.erb within layouts/javascript (0.4ms)
  Rendered /Users/dpaje/.rvm/gems/ruby-2.3.0/gems/web-console-2.3.0/lib/web_console/templates/index.html.erb (92.0ms)


Started GET "/?utf8=%E2%9C%93&screen_name=playoverwatch" for ::1 at 2016-10-26 00:26:51 -0700
Processing by SearchController#home as HTML
  Parameters: {"utf8"=>"✓", "screen_name"=>"playoverwatch"}
  [1m[35mUser Load (0.2ms)[0m  SELECT  "users".* FROM "users" WHERE "users"."id" = $1  ORDER BY "users"."id" ASC LIMIT 1  [["id", 1]]
  Rendered search/show.html.erb within layouts/application (2.5ms)
Completed 500 Internal Server Error in 9ms (ActiveRecord: 0.2ms)

ActionView::Template::Error (First argument in form cannot contain nil or be empty):
    1: <%= form_for nil, url: search_screen_name_path, method: :get do |f| %>
    2:     <%= f.label "Enter a Twitter screen_name" %>
    3:     <%= text_field_tag :screen_name, params[:screen_name] %>
    4:     <%= submit_tag "Search", name: nil %>
  app/views/search/show.html.erb:1:in `_app_views_search_show_html_erb___1098724203321630743_70205407953440'
  app/controllers/search_controller.rb:17:in `block (2 levels) in home'
  app/controllers/search_controller.rb:16:in `home'


  Rendered /Users/dpaje/.rvm/gems/ruby-2.3.0/gems/actionpack-4.2.6/lib/action_dispatch/middleware/templates/rescues/_source.erb (5.0ms)
  Rendered /Users/dpaje/.rvm/gems/ruby-2.3.0/gems/actionpack-4.2.6/lib/action_dispatch/middleware/templates/rescues/_trace.html.erb (2.7ms)
  Rendered /Users/dpaje/.rvm/gems/ruby-2.3.0/gems/actionpack-4.2.6/lib/action_dispatch/middleware/templates/rescues/_request_and_response.html.erb (0.8ms)
  Rendered /Users/dpaje/.rvm/gems/ruby-2.3.0/gems/actionpack-4.2.6/lib/action_dispatch/middleware/templates/rescues/template_error.html.erb within rescues/layout (52.1ms)
  Rendered /Users/dpaje/.rvm/gems/ruby-2.3.0/gems/web-console-2.3.0/lib/web_console/templates/_markup.html.erb (0.4ms)
  Rendered /Users/dpaje/.rvm/gems/ruby-2.3.0/gems/web-console-2.3.0/lib/web_console/templates/_inner_console_markup.html.erb within layouts/inlined_string (0.3ms)
  Rendered /Users/dpaje/.rvm/gems/ruby-2.3.0/gems/web-console-2.3.0/lib/web_console/templates/_prompt_box_markup.html.erb within layouts/inlined_string (0.3ms)
  Rendered /Users/dpaje/.rvm/gems/ruby-2.3.0/gems/web-console-2.3.0/lib/web_console/templates/style.css.erb within layouts/inlined_string (0.4ms)
  Rendered /Users/dpaje/.rvm/gems/ruby-2.3.0/gems/web-console-2.3.0/lib/web_console/templates/console.js.erb within layouts/javascript (41.6ms)
  Rendered /Users/dpaje/.rvm/gems/ruby-2.3.0/gems/web-console-2.3.0/lib/web_console/templates/main.js.erb within layouts/javascript (0.3ms)
  Rendered /Users/dpaje/.rvm/gems/ruby-2.3.0/gems/web-console-2.3.0/lib/web_console/templates/error_page.js.erb within layouts/javascript (0.4ms)
  Rendered /Users/dpaje/.rvm/gems/ruby-2.3.0/gems/web-console-2.3.0/lib/web_console/templates/index.html.erb (91.9ms)


Started GET "/?utf8=%E2%9C%93&screen_name=playoverwatch" for ::1 at 2016-10-26 00:28:10 -0700
Processing by SearchController#home as HTML
  Parameters: {"utf8"=>"✓", "screen_name"=>"playoverwatch"}
  [1m[36mUser Load (0.3ms)[0m  [1mSELECT  "users".* FROM "users" WHERE "users"."id" = $1  ORDER BY "users"."id" ASC LIMIT 1[0m  [["id", 1]]
  Rendered search/show.html.erb within layouts/application (1.8ms)
  Rendered shared/_header.html.erb (11.9ms)
Completed 200 OK in 23ms (Views: 20.7ms | ActiveRecord: 0.3ms)


Started GET "/assets/application.self-e80e8f2318043e8af94dddc2adad5a4f09739a8ebb323b3ab31cd71d45fd9113.css?body=1" for ::1 at 2016-10-26 00:28:10 -0700


Started GET "/assets/jquery.self-bd7ddd393353a8d2480a622e80342adf488fb6006d667e8b42e4c0073393abee.js?body=1" for ::1 at 2016-10-26 00:28:10 -0700


Started GET "/assets/turbolinks.self-c5acd7a204f5f25ce7a1d8a0e4d92e28d34c9e2df2c7371cd7af88e147e4ad82.js?body=1" for ::1 at 2016-10-26 00:28:10 -0700


Started GET "/assets/jquery_ujs.self-784a997f6726036b1993eb2217c9cb558e1cbb801c6da88105588c56f13b466a.js?body=1" for ::1 at 2016-10-26 00:28:10 -0700


Started GET "/assets/application.self-3b8dabdc891efe46b9a144b400ad69e37d7e5876bdc39dee783419a69d7ca819.js?body=1" for ::1 at 2016-10-26 00:28:10 -0700


Started GET "/search/screen_name?utf8=%E2%9C%93&screen_name=playoverwatch&commit=Search" for ::1 at 2016-10-26 00:28:16 -0700
Processing by SearchController#results as HTML
  Parameters: {"utf8"=>"✓", "screen_name"=>"playoverwatch", "commit"=>"Search"}
  [1m[35mUser Load (0.3ms)[0m  SELECT  "users".* FROM "users" WHERE "users"."id" = $1  ORDER BY "users"."id" ASC LIMIT 1  [["id", 1]]
  Rendered search/show.html.erb within layouts/application (5.7ms)
  Rendered shared/_header.html.erb (8.7ms)
Completed 200 OK in 9548ms (Views: 18.6ms | ActiveRecord: 0.3ms)


Started GET "/search/screen_name?utf8=%E2%9C%93&screen_name=playoverwatch&commit=Search" for ::1 at 2016-10-26 00:28:25 -0700
Processing by SearchController#results as HTML
  Parameters: {"utf8"=>"✓", "screen_name"=>"playoverwatch", "commit"=>"Search"}
  [1m[36mUser Load (0.2ms)[0m  [1mSELECT  "users".* FROM "users" WHERE "users"."id" = $1  ORDER BY "users"."id" ASC LIMIT 1[0m  [["id", 1]]
  Rendered search/show.html.erb within layouts/application (4.9ms)
  Rendered shared/_header.html.erb (7.2ms)
Completed 200 OK in 3289ms (Views: 17.4ms | ActiveRecord: 0.2ms)


Started GET "/search/screen_name?utf8=%E2%9C%93&screen_name=playoverwatch&commit=Search" for ::1 at 2016-10-26 00:28:28 -0700
Processing by SearchController#results as HTML
  Parameters: {"utf8"=>"✓", "screen_name"=>"playoverwatch", "commit"=>"Search"}
  [1m[35mUser Load (0.3ms)[0m  SELECT  "users".* FROM "users" WHERE "users"."id" = $1  ORDER BY "users"."id" ASC LIMIT 1  [["id", 1]]
Completed 500 Internal Server Error in 2326ms (ActiveRecord: 0.3ms)

SystemExit (exit):
  app/controllers/search_controller.rb:4:in `results'


  Rendered /Users/dpaje/.rvm/gems/ruby-2.3.0/gems/actionpack-4.2.6/lib/action_dispatch/middleware/templates/rescues/_source.erb (6.1ms)
  Rendered /Users/dpaje/.rvm/gems/ruby-2.3.0/gems/actionpack-4.2.6/lib/action_dispatch/middleware/templates/rescues/_trace.html.erb (3.8ms)
  Rendered /Users/dpaje/.rvm/gems/ruby-2.3.0/gems/actionpack-4.2.6/lib/action_dispatch/middleware/templates/rescues/_request_and_response.html.erb (1.1ms)
  Rendered /Users/dpaje/.rvm/gems/ruby-2.3.0/gems/actionpack-4.2.6/lib/action_dispatch/middleware/templates/rescues/diagnostics.html.erb within rescues/layout (54.4ms)
  Rendered /Users/dpaje/.rvm/gems/ruby-2.3.0/gems/web-console-2.3.0/lib/web_console/templates/_markup.html.erb (0.5ms)
  Rendered /Users/dpaje/.rvm/gems/ruby-2.3.0/gems/web-console-2.3.0/lib/web_console/templates/_inner_console_markup.html.erb within layouts/inlined_string (0.4ms)
  Rendered /Users/dpaje/.rvm/gems/ruby-2.3.0/gems/web-console-2.3.0/lib/web_console/templates/_prompt_box_markup.html.erb within layouts/inlined_string (0.4ms)
  Rendered /Users/dpaje/.rvm/gems/ruby-2.3.0/gems/web-console-2.3.0/lib/web_console/templates/style.css.erb within layouts/inlined_string (0.5ms)
  Rendered /Users/dpaje/.rvm/gems/ruby-2.3.0/gems/web-console-2.3.0/lib/web_console/templates/console.js.erb within layouts/javascript (45.4ms)
  Rendered /Users/dpaje/.rvm/gems/ruby-2.3.0/gems/web-console-2.3.0/lib/web_console/templates/main.js.erb within layouts/javascript (0.4ms)
  Rendered /Users/dpaje/.rvm/gems/ruby-2.3.0/gems/web-console-2.3.0/lib/web_console/templates/error_page.js.erb within layouts/javascript (0.5ms)
  Rendered /Users/dpaje/.rvm/gems/ruby-2.3.0/gems/web-console-2.3.0/lib/web_console/templates/index.html.erb (101.3ms)


Started GET "/search/screen_name?utf8=%E2%9C%93&screen_name=playoverwatch&commit=Search" for ::1 at 2016-10-26 00:28:31 -0700
Processing by SearchController#results as HTML
  Parameters: {"utf8"=>"✓", "screen_name"=>"playoverwatch", "commit"=>"Search"}
  [1m[36mUser Load (0.3ms)[0m  [1mSELECT  "users".* FROM "users" WHERE "users"."id" = $1  ORDER BY "users"."id" ASC LIMIT 1[0m  [["id", 1]]
Completed 500 Internal Server Error in 8836ms (ActiveRecord: 0.3ms)

SystemExit (exit):
  app/controllers/search_controller.rb:4:in `results'


  Rendered /Users/dpaje/.rvm/gems/ruby-2.3.0/gems/actionpack-4.2.6/lib/action_dispatch/middleware/templates/rescues/_source.erb (6.8ms)
  Rendered /Users/dpaje/.rvm/gems/ruby-2.3.0/gems/actionpack-4.2.6/lib/action_dispatch/middleware/templates/rescues/_trace.html.erb (2.8ms)
  Rendered /Users/dpaje/.rvm/gems/ruby-2.3.0/gems/actionpack-4.2.6/lib/action_dispatch/middleware/templates/rescues/_request_and_response.html.erb (1.3ms)
  Rendered /Users/dpaje/.rvm/gems/ruby-2.3.0/gems/actionpack-4.2.6/lib/action_dispatch/middleware/templates/rescues/diagnostics.html.erb within rescues/layout (51.8ms)
  Rendered /Users/dpaje/.rvm/gems/ruby-2.3.0/gems/web-console-2.3.0/lib/web_console/templates/_markup.html.erb (0.6ms)
  Rendered /Users/dpaje/.rvm/gems/ruby-2.3.0/gems/web-console-2.3.0/lib/web_console/templates/_inner_console_markup.html.erb within layouts/inlined_string (0.3ms)
  Rendered /Users/dpaje/.rvm/gems/ruby-2.3.0/gems/web-console-2.3.0/lib/web_console/templates/_prompt_box_markup.html.erb within layouts/inlined_string (0.4ms)
  Rendered /Users/dpaje/.rvm/gems/ruby-2.3.0/gems/web-console-2.3.0/lib/web_console/templates/style.css.erb within layouts/inlined_string (0.4ms)
  Rendered /Users/dpaje/.rvm/gems/ruby-2.3.0/gems/web-console-2.3.0/lib/web_console/templates/console.js.erb within layouts/javascript (42.1ms)
  Rendered /Users/dpaje/.rvm/gems/ruby-2.3.0/gems/web-console-2.3.0/lib/web_console/templates/main.js.erb within layouts/javascript (0.3ms)
  Rendered /Users/dpaje/.rvm/gems/ruby-2.3.0/gems/web-console-2.3.0/lib/web_console/templates/error_page.js.erb within layouts/javascript (0.6ms)
  Rendered /Users/dpaje/.rvm/gems/ruby-2.3.0/gems/web-console-2.3.0/lib/web_console/templates/index.html.erb (94.7ms)


Started GET "/search/screen_name?utf8=%E2%9C%93&screen_name=playoverwatch&commit=Search" for ::1 at 2016-10-26 00:28:40 -0700
Processing by SearchController#results as HTML
  Parameters: {"utf8"=>"✓", "screen_name"=>"playoverwatch", "commit"=>"Search"}
  [1m[35mUser Load (0.2ms)[0m  SELECT  "users".* FROM "users" WHERE "users"."id" = $1  ORDER BY "users"."id" ASC LIMIT 1  [["id", 1]]
  Rendered search/show.html.erb within layouts/application (6.6ms)
  Rendered shared/_header.html.erb (12.1ms)
Completed 200 OK in 1819ms (Views: 24.1ms | ActiveRecord: 0.2ms)


Started GET "/search/screen_name?utf8=%E2%9C%93&screen_name=hello&commit=Search" for ::1 at 2016-10-26 00:28:54 -0700
Processing by SearchController#results as HTML
  Parameters: {"utf8"=>"✓", "screen_name"=>"hello", "commit"=>"Search"}
  [1m[36mUser Load (0.3ms)[0m  [1mSELECT  "users".* FROM "users" WHERE "users"."id" = $1  ORDER BY "users"."id" ASC LIMIT 1[0m  [["id", 1]]
  Rendered search/show.html.erb within layouts/application (6.9ms)
  Rendered shared/_header.html.erb (6.6ms)
Completed 200 OK in 244ms (Views: 20.4ms | ActiveRecord: 3.3ms)


Started GET "/" for ::1 at 2016-10-26 00:28:59 -0700
Processing by SearchController#home as HTML
  [1m[35mUser Load (4.8ms)[0m  SELECT  "users".* FROM "users" WHERE "users"."id" = $1  ORDER BY "users"."id" ASC LIMIT 1  [["id", 1]]
  Rendered search/show.html.erb within layouts/application (0.5ms)
  Rendered shared/_header.html.erb (15.8ms)
Completed 200 OK in 34ms (Views: 25.2ms | ActiveRecord: 4.8ms)


Started GET "/search/screen_name?utf8=%E2%9C%93&screen_name=hello+world&commit=Search" for ::1 at 2016-10-26 00:29:03 -0700
Processing by SearchController#results as HTML
  Parameters: {"utf8"=>"✓", "screen_name"=>"hello world", "commit"=>"Search"}
  [1m[36mUser Load (0.2ms)[0m  [1mSELECT  "users".* FROM "users" WHERE "users"."id" = $1  ORDER BY "users"."id" ASC LIMIT 1[0m  [["id", 1]]
TWITTER_ERR: status 401, Not authorized.
  Rendered search/show.html.erb within layouts/application (0.3ms)
  Rendered shared/_header.html.erb (8.7ms)
Completed 200 OK in 144ms (Views: 13.4ms | ActiveRecord: 0.2ms)


Started GET "/search/screen_name?utf8=%E2%9C%93&screen_name=playoverwatch&commit=Search" for ::1 at 2016-10-26 00:29:10 -0700
Processing by SearchController#results as HTML
  Parameters: {"utf8"=>"✓", "screen_name"=>"playoverwatch", "commit"=>"Search"}
  [1m[35mUser Load (0.3ms)[0m  SELECT  "users".* FROM "users" WHERE "users"."id" = $1  ORDER BY "users"."id" ASC LIMIT 1  [["id", 1]]
  Rendered search/show.html.erb within layouts/application (6.9ms)
  Rendered shared/_header.html.erb (8.2ms)
Completed 200 OK in 375ms (Views: 19.8ms | ActiveRecord: 0.3ms)


Started GET "/" for 127.0.0.1 at 2016-10-26 10:31:57 -0700
  [1m[36mActiveRecord::SchemaMigration Load (0.6ms)[0m  [1mSELECT "schema_migrations".* FROM "schema_migrations"[0m
Processing by SearchController#home as HTML
Completed 401 Unauthorized in 22ms (ActiveRecord: 0.0ms)


Started GET "/users/sign_in" for 127.0.0.1 at 2016-10-26 10:31:57 -0700
Processing by Devise::SessionsController#new as HTML
  Rendered /Users/dpaje/.rvm/gems/ruby-2.3.0/gems/devise-4.2.0/app/views/devise/shared/_links.html.erb (0.9ms)
  Rendered /Users/dpaje/.rvm/gems/ruby-2.3.0/gems/devise-4.2.0/app/views/devise/sessions/new.html.erb within layouts/application (44.8ms)
  Rendered shared/_header.html.erb (231.5ms)
Completed 200 OK in 312ms (Views: 296.1ms | ActiveRecord: 4.5ms)


Started POST "/users/sign_in" for 127.0.0.1 at 2016-10-26 10:32:21 -0700
Processing by Devise::SessionsController#create as HTML
  Parameters: {"utf8"=>"✓", "authenticity_token"=>"tbXKHLuR39kqHnCsdGiPQAH2jxNNBEyxpXhRCqAeAZVPJzWOMY37v7gPkw7QTEBsBlaQ/h+RKgEwy1hpnlL1xQ==", "user"=>{"email"=>"helloworld@gmail.com", "password"=>"[FILTERED]", "remember_me"=>"0"}, "commit"=>"Log in"}
  [1m[35mUser Load (2.7ms)[0m  SELECT  "users".* FROM "users" WHERE "users"."email" = $1  ORDER BY "users"."id" ASC LIMIT 1  [["email", "helloworld@gmail.com"]]
Completed 401 Unauthorized in 173ms (ActiveRecord: 2.9ms)
Processing by Devise::SessionsController#new as HTML
  Parameters: {"utf8"=>"✓", "authenticity_token"=>"tbXKHLuR39kqHnCsdGiPQAH2jxNNBEyxpXhRCqAeAZVPJzWOMY37v7gPkw7QTEBsBlaQ/h+RKgEwy1hpnlL1xQ==", "user"=>{"email"=>"helloworld@gmail.com", "password"=>"[FILTERED]", "remember_me"=>"0"}, "commit"=>"Log in"}
  Rendered /Users/dpaje/.rvm/gems/ruby-2.3.0/gems/devise-4.2.0/app/views/devise/shared/_links.html.erb (0.1ms)
  Rendered /Users/dpaje/.rvm/gems/ruby-2.3.0/gems/devise-4.2.0/app/views/devise/sessions/new.html.erb within layouts/application (3.7ms)
  Rendered shared/_header.html.erb (11.2ms)
Completed 200 OK in 155ms (Views: 23.2ms | ActiveRecord: 0.0ms)


Started POST "/users/sign_in" for 127.0.0.1 at 2016-10-26 10:32:24 -0700
Processing by Devise::SessionsController#create as HTML
  Parameters: {"utf8"=>"✓", "authenticity_token"=>"8b/5zVbA30kmmvtclE9lohNkQfDEiiQLrhq/cVLvPtALLQZf3Nz7L7SLGP4wa6qOFMReHZYfQrs7qbYSbKPKgA==", "user"=>{"email"=>"helloworld@gmail.com", "password"=>"[FILTERED]", "remember_me"=>"0"}, "commit"=>"Log in"}
  [1m[36mUser Load (0.5ms)[0m  [1mSELECT  "users".* FROM "users" WHERE "users"."email" = $1  ORDER BY "users"."id" ASC LIMIT 1[0m  [["email", "helloworld@gmail.com"]]
Completed 401 Unauthorized in 130ms (ActiveRecord: 0.5ms)
Processing by Devise::SessionsController#new as HTML
  Parameters: {"utf8"=>"✓", "authenticity_token"=>"8b/5zVbA30kmmvtclE9lohNkQfDEiiQLrhq/cVLvPtALLQZf3Nz7L7SLGP4wa6qOFMReHZYfQrs7qbYSbKPKgA==", "user"=>{"email"=>"helloworld@gmail.com", "password"=>"[FILTERED]", "remember_me"=>"0"}, "commit"=>"Log in"}
  Rendered /Users/dpaje/.rvm/gems/ruby-2.3.0/gems/devise-4.2.0/app/views/devise/shared/_links.html.erb (0.2ms)
  Rendered /Users/dpaje/.rvm/gems/ruby-2.3.0/gems/devise-4.2.0/app/views/devise/sessions/new.html.erb within layouts/application (5.4ms)
  Rendered shared/_header.html.erb (9.0ms)
Completed 200 OK in 154ms (Views: 22.7ms | ActiveRecord: 0.0ms)


Started POST "/users/sign_in" for 127.0.0.1 at 2016-10-26 10:32:56 -0700
  [1m[36mActiveRecord::SchemaMigration Load (0.5ms)[0m  [1mSELECT "schema_migrations".* FROM "schema_migrations"[0m
Processing by Devise::SessionsController#create as HTML
  Parameters: {"utf8"=>"✓", "authenticity_token"=>"Wv/9vyJK+ooy+34ViW0bxOsFg8DKWfpEMOC/E5GKSmmgbQItqFbe7KDqnbctSdTo7KWcLZjMnPSlU7Zwr8a+OQ==", "user"=>{"email"=>"helloworld@gmail.com", "password"=>"[FILTERED]", "remember_me"=>"0"}, "commit"=>"Log in"}
  [1m[35mUser Load (0.7ms)[0m  SELECT  "users".* FROM "users" WHERE "users"."email" = $1  ORDER BY "users"."id" ASC LIMIT 1  [["email", "helloworld@gmail.com"]]
  [1m[36m (0.1ms)[0m  [1mBEGIN[0m
  [1m[35mSQL (0.6ms)[0m  UPDATE "users" SET "current_sign_in_at" = $1, "current_sign_in_ip" = $2, "sign_in_count" = $3, "updated_at" = $4 WHERE "users"."id" = $5  [["current_sign_in_at", "2016-10-26 17:32:56.596396"], ["current_sign_in_ip", "127.0.0.1/32"], ["sign_in_count", 2], ["updated_at", "2016-10-26 17:32:56.598080"], ["id", 1]]
  [1m[36m (1.1ms)[0m  [1mCOMMIT[0m
Redirected to http://localhost:3000/
Completed 302 Found in 203ms (ActiveRecord: 6.2ms)


Started GET "/" for 127.0.0.1 at 2016-10-26 10:32:56 -0700
Processing by SearchController#home as HTML
  [1m[35mUser Load (0.3ms)[0m  SELECT  "users".* FROM "users" WHERE "users"."id" = $1  ORDER BY "users"."id" ASC LIMIT 1  [["id", 1]]
  Rendered search/show.html.erb within layouts/application (2.9ms)
  Rendered shared/_header.html.erb (196.2ms)
Completed 200 OK in 213ms (Views: 211.1ms | ActiveRecord: 0.3ms)


Started GET "/search/screen_name?utf8=%E2%9C%93&screen_name=overwatch&commit=Search" for 127.0.0.1 at 2016-10-26 10:33:00 -0700
Processing by SearchController#results as HTML
  Parameters: {"utf8"=>"✓", "screen_name"=>"overwatch", "commit"=>"Search"}
  [1m[36mUser Load (0.6ms)[0m  [1mSELECT  "users".* FROM "users" WHERE "users"."id" = $1  ORDER BY "users"."id" ASC LIMIT 1[0m  [["id", 1]]
  Rendered search/show.html.erb within layouts/application (15.4ms)
  Rendered shared/_header.html.erb (10.1ms)
Completed 200 OK in 286ms (Views: 30.6ms | ActiveRecord: 0.6ms)


Started GET "/search/screen_name?utf8=%E2%9C%93&screen_name=overwatch&commit=Search" for 127.0.0.1 at 2016-10-26 12:16:52 -0700
  [1m[36mActiveRecord::SchemaMigration Load (0.5ms)[0m  [1mSELECT "schema_migrations".* FROM "schema_migrations"[0m
Processing by SearchController#results as HTML
  Parameters: {"utf8"=>"✓", "screen_name"=>"overwatch", "commit"=>"Search"}
  [1m[35mUser Load (0.9ms)[0m  SELECT  "users".* FROM "users" WHERE "users"."id" = $1  ORDER BY "users"."id" ASC LIMIT 1  [["id", 1]]
  Rendered search/show.html.erb within layouts/application (13.6ms)
  Rendered shared/_header.html.erb (177.9ms)
Completed 200 OK in 753ms (Views: 206.3ms | ActiveRecord: 5.1ms)


Started GET "/search/screen_name?utf8=%E2%9C%93&screen_name=overwatch&commit=Search" for 127.0.0.1 at 2016-10-26 12:24:51 -0700
  [1m[36mActiveRecord::SchemaMigration Load (0.6ms)[0m  [1mSELECT "schema_migrations".* FROM "schema_migrations"[0m
Processing by SearchController#results as HTML
  Parameters: {"utf8"=>"✓", "screen_name"=>"overwatch", "commit"=>"Search"}
  [1m[35mUser Load (0.6ms)[0m  SELECT  "users".* FROM "users" WHERE "users"."id" = $1  ORDER BY "users"."id" ASC LIMIT 1  [["id", 1]]
  Rendered search/show.html.erb within layouts/application (13.6ms)
  Rendered shared/_header.html.erb (187.0ms)
Completed 200 OK in 500ms (Views: 216.5ms | ActiveRecord: 4.1ms)
